#
# There is insufficient memory for the Java Runtime Environment to continue.
# Native memory allocation (mmap) failed to map 134217728 bytes for Failed to commit area from 0x0000000081400000 to 0x0000000089400000 of length 134217728.
# Possible reasons:
#   The system is out of physical RAM or swap space
#   The process is running with CompressedOops enabled, and the Java Heap may be blocking the growth of the native heap
# Possible solutions:
#   Reduce memory load on the system
#   Increase physical memory or swap space
#   Check if swap backing store is full
#   Decrease Java heap size (-Xmx/-Xms)
#   Decrease number of Java threads
#   Decrease Java thread stack sizes (-Xss)
#   Set larger code cache with -XX:ReservedCodeCacheSize=
# This output file may be truncated or incomplete.
#
#  Out of Memory Error (./src/hotspot/os/windows/os_windows.cpp:3301), pid=8728, tid=12432
#
# JRE version:  (11.0.10) (build )
# Java VM: OpenJDK 64-Bit Server VM (11.0.10+0-b96-7249189, mixed mode, sharing, tiered, compressed oops, g1 gc, windows-amd64)
# No core dump will be written. Minidumps are not enabled by default on client versions of Windows
#

---------------  S U M M A R Y ------------

Command Line: 

Host: Intel(R) Core(TM) i5-4210M CPU @ 2.60GHz, 4 cores, 7G,  Windows 10 , 64 bit Build 19041 (10.0.19041.1348)
Time: Wed Jun  8 08:55:11 2022 W. Central Africa Standard Time elapsed time: 1.239429 seconds (0d 0h 0m 1s)

---------------  T H R E A D  ---------------

Current thread (0x000002643d660800):  JavaThread "Unknown thread" [_thread_in_vm, id=12432, stack(0x000000fcfdf00000,0x000000fcfe000000)]

Stack: [0x000000fcfdf00000,0x000000fcfe000000]
Native frames: (J=compiled Java code, j=interpreted, Vv=VM code, C=native code)
V  [jvm.dll+0x5ecfaa]
V  [jvm.dll+0x722bd5]
V  [jvm.dll+0x72412d]
V  [jvm.dll+0x7247e3]
V  [jvm.dll+0x242928]
V  [jvm.dll+0x5ea374]
V  [jvm.dll+0x5df425]
V  [jvm.dll+0x2fdebb]
V  [jvm.dll+0x2fde2a]
V  [jvm.dll+0x2fdd02]
V  [jvm.dll+0x302bf6]
V  [jvm.dll+0x34b2a3]
V  [jvm.dll+0x34b9a6]
V  [jvm.dll+0x34b3a3]
V  [jvm.dll+0x2d8888]
V  [jvm.dll+0x2d9a37]
V  [jvm.dll+0x701737]
V  [jvm.dll+0x702f2c]
V  [jvm.dll+0x3587d9]
V  [jvm.dll+0x6e4fae]
V  [jvm.dll+0x3c0be3]
V  [jvm.dll+0x3c2e91]
C  [jli.dll+0x5373]
C  [ucrtbase.dll+0x21bb2]
C  [KERNEL32.DLL+0x17034]
C  [ntdll.dll+0x52651]


---------------  P R O C E S S  ---------------

Threads class SMR info:
_java_thread_list=0x000002643b47fe80, length=0, elements={
}

Java Threads: ( => current thread )

Other Threads:
  0x000002643d677000 GCTaskThread "GC Thread#0" [stack: 0x000000fcfe000000,0x000000fcfe100000] [id=8188]
  0x000002643d6a8000 ConcurrentGCThread "G1 Main Marker" [stack: 0x000000fcfe100000,0x000000fcfe200000] [id=14116]
  0x000002643d6a9800 ConcurrentGCThread "G1 Conc#0" [stack: 0x000000fcfe200000,0x000000fcfe300000] [id=2964]

[error occurred during error reporting (printing all threads), id 0xc0000005, EXCEPTION_ACCESS_VIOLATION (0xc0000005) at pc=0x00007ffb27bc9107]

VM state:not at safepoint (not fully initialized)

VM Mutex/Monitor currently owned by a thread:  ([mutex/lock_event])
[0x000002643d65c210] Heap_lock - owner thread: 0x000002643d660800

Heap address: 0x0000000081400000, size: 2028 MB, Compressed Oops mode: Non-zero based: 0x0000000081400000
Narrow klass base: 0x0000000000000000, Narrow klass shift: 0

GC Heap History (0 events):
No events

Deoptimization events (0 events):
No events

Classes redefined (0 events):
No events

Internal exceptions (0 events):
No events

Events (1 events):
Event: 0.234 Loaded shared library C:\Program Files\Android\Android Studio\jre\bin\zip.dll


Dynamic libraries:
0x00007ff6e8020000 - 0x00007ff6e802a000 	C:\Program Files\Android\Android Studio\jre\bin\java.EXE
0x00007ffb93d30000 - 0x00007ffb93f25000 	C:\WINDOWS\SYSTEM32\ntdll.dll
0x00007ffb89340000 - 0x00007ffb89356000 	C:\Program Files\Avast Software\Avast\aswhook.dll
0x00007ffb91e20000 - 0x00007ffb91ede000 	C:\WINDOWS\System32\KERNEL32.DLL
0x00007ffb91530000 - 0x00007ffb917f8000 	C:\WINDOWS\System32\KERNELBASE.dll
0x00007ffb919a0000 - 0x00007ffb91aa0000 	C:\WINDOWS\System32\ucrtbase.dll
0x00007ffb5c8c0000 - 0x00007ffb5c8d9000 	C:\Program Files\Android\Android Studio\jre\bin\jli.dll
0x00007ffb93460000 - 0x00007ffb93601000 	C:\WINDOWS\System32\USER32.dll
0x00007ffb91800000 - 0x00007ffb91822000 	C:\WINDOWS\System32\win32u.dll
0x00007ffb93230000 - 0x00007ffb9325b000 	C:\WINDOWS\System32\GDI32.dll
0x00007ffb91b00000 - 0x00007ffb91c0d000 	C:\WINDOWS\System32\gdi32full.dll
0x00007ffb91440000 - 0x00007ffb914dd000 	C:\WINDOWS\System32\msvcp_win.dll
0x00007ffb4d360000 - 0x00007ffb4d377000 	C:\Program Files\Android\Android Studio\jre\bin\VCRUNTIME140.dll
0x00007ffb772d0000 - 0x00007ffb7756a000 	C:\WINDOWS\WinSxS\amd64_microsoft.windows.common-controls_6595b64144ccf1df_6.0.19041.1110_none_60b5254171f9507e\COMCTL32.dll
0x00007ffb93050000 - 0x00007ffb930ee000 	C:\WINDOWS\System32\msvcrt.dll
0x00007ffb92d30000 - 0x00007ffb92d60000 	C:\WINDOWS\System32\IMM32.DLL
0x00007ffb2abd0000 - 0x00007ffb2ac6d000 	C:\Program Files\Android\Android Studio\jre\bin\msvcp140.dll
0x00007ffb278e0000 - 0x00007ffb283af000 	C:\Program Files\Android\Android Studio\jre\bin\server\jvm.dll
0x00007ffb91ee0000 - 0x00007ffb91f8c000 	C:\WINDOWS\System32\ADVAPI32.dll
0x00007ffb92fb0000 - 0x00007ffb9304b000 	C:\WINDOWS\System32\sechost.dll
0x00007ffb93260000 - 0x00007ffb9338a000 	C:\WINDOWS\System32\RPCRT4.dll
0x00007ffb931c0000 - 0x00007ffb931c8000 	C:\WINDOWS\System32\PSAPI.DLL
0x00007ffb7e980000 - 0x00007ffb7e989000 	C:\WINDOWS\SYSTEM32\WSOCK32.dll
0x00007ffb93150000 - 0x00007ffb931bb000 	C:\WINDOWS\System32\WS2_32.dll
0x00007ffb8b4b0000 - 0x00007ffb8b4d7000 	C:\WINDOWS\SYSTEM32\WINMM.dll
0x00007ffb87890000 - 0x00007ffb8789a000 	C:\WINDOWS\SYSTEM32\VERSION.dll
0x00007ffb8f2f0000 - 0x00007ffb8f302000 	C:\WINDOWS\SYSTEM32\kernel.appcore.dll
0x00007ffb497f0000 - 0x00007ffb49801000 	C:\Program Files\Android\Android Studio\jre\bin\verify.dll
0x00007ffb86700000 - 0x00007ffb868e4000 	C:\WINDOWS\SYSTEM32\DBGHELP.DLL
0x00007ffb85ef0000 - 0x00007ffb85f1c000 	C:\WINDOWS\SYSTEM32\dbgcore.DLL
0x00007ffb91910000 - 0x00007ffb91992000 	C:\WINDOWS\System32\bcryptPrimitives.dll
0x00007ffb497a0000 - 0x00007ffb497c9000 	C:\Program Files\Android\Android Studio\jre\bin\java.dll
0x00007ffb87860000 - 0x00007ffb8786b000 	C:\Program Files\Android\Android Studio\jre\bin\jimage.dll
0x00007ffb49720000 - 0x00007ffb49738000 	C:\Program Files\Android\Android Studio\jre\bin\zip.dll

dbghelp: loaded successfully - version: 4.0.5 - missing functions: none
symbol engine: initialized successfully - sym options: 0x614 - pdb path: .;C:\Program Files\Android\Android Studio\jre\bin;C:\WINDOWS\SYSTEM32;C:\Program Files\Avast Software\Avast;C:\WINDOWS\WinSxS\amd64_microsoft.windows.common-controls_6595b64144ccf1df_6.0.19041.1110_none_60b5254171f9507e;C:\Program Files\Android\Android Studio\jre\bin\server

VM Arguments:
java_command: <unknown>
java_class_path (initial): <not set>
Launcher Type: SUN_STANDARD

[Global flags]
     intx CICompilerCount                          = 3                                         {product} {ergonomic}
     uint ConcGCThreads                            = 1                                         {product} {ergonomic}
     uint G1ConcRefinementThreads                  = 4                                         {product} {ergonomic}
   size_t G1HeapRegionSize                         = 1048576                                   {product} {ergonomic}
    uintx GCDrainStackTargetSize                   = 64                                        {product} {ergonomic}
   size_t InitialHeapSize                          = 134217728                                 {product} {ergonomic}
   size_t MarkStackSize                            = 4194304                                   {product} {ergonomic}
   size_t MaxHeapSize                              = 2126512128                                {product} {ergonomic}
   size_t MinHeapDeltaBytes                        = 1048576                                   {product} {ergonomic}
    uintx NonNMethodCodeHeapSize                   = 5830732                                {pd product} {ergonomic}
    uintx NonProfiledCodeHeapSize                  = 122913754                              {pd product} {ergonomic}
    uintx ProfiledCodeHeapSize                     = 122913754                              {pd product} {ergonomic}
    uintx ReservedCodeCacheSize                    = 251658240                              {pd product} {ergonomic}
     bool SegmentedCodeCache                       = true                                      {product} {ergonomic}
     bool UseCompressedClassPointers               = true                                 {lp64_product} {ergonomic}
     bool UseCompressedOops                        = true                                 {lp64_product} {ergonomic}
     bool UseG1GC                                  = true                                      {product} {ergonomic}
     bool UseLargePagesIndividualAllocation        = false                                  {pd product} {ergonomic}

Logging:
Log output configuration:
 #0: stdout all=warning uptime,level,tags
 #1: stderr all=off uptime,level,tags

Environment Variables:
JAVA_HOME=C:\Program Files\Java\jdk-14.0.1
PATH=C:\src\flutter\bin;C:\Windows\System32;C:\Windows\System32\WindowsPowerShell\v1.0\;C:\Program Files\Git\cmd;C:\Program Files\nodejs\;C:\Users\UDAH PAUL\AppData\Local\Programs\Python\Python310\Scripts\;C:\Users\UDAH PAUL\AppData\Local\Programs\Python\Python310\;C:\Users\UDAH PAUL\AppData\Local\Microsoft\WindowsApps;C:\Users\UDAH PAUL\AppData\Local\Programs\Microsoft VS Code\bin;C:\Program Files (x86)\Nmap;C:\src\flutter\bin;C:\Program Files\Java\jdk-14.0.1\bin;C:\Program Files\python-3.10.4-amd64.exe;C:\Users\UDAH PAUL\AppData\Roaming\npm;C:\Program Files\JetBrains\PhpStorm 2022.1.1\bin;;;C:\src\flutter\bin\mingit\cmd
USERNAME=UDAH PAUL
LANG=en_US.UTF-8
OS=Windows_NT
PROCESSOR_IDENTIFIER=Intel64 Family 6 Model 60 Stepping 3, GenuineIntel



---------------  S Y S T E M  ---------------

OS: Windows 10 , 64 bit Build 19041 (10.0.19041.1348)
OS uptime: 0 days 2:16 hours
Hyper-V role detected

CPU:total 4 (initial active 4) (2 cores per cpu, 2 threads per core) family 6 model 60 stepping 3 microcode 0x27, cmov, cx8, fxsr, mmx, sse, sse2, sse3, ssse3, sse4.1, sse4.2, popcnt, avx, avx2, aes, clmul, erms, lzcnt, ht, tsc, tscinvbit, bmi1, bmi2, fma

Memory: 4k page, system-wide physical 8105M (287M free)
TotalPageFile size 12201M (AvailPageFile size 7M)
current process WorkingSet (physical memory assigned to process): 10M, peak: 10M
current process commit charge ("private bytes"): 51M, peak: 179M

vm_info: OpenJDK 64-Bit Server VM (11.0.10+0-b96-7249189) for windows-amd64 JRE (11.0.10+0-b96-7249189), built on Mar 31 2021 21:44:00 by "builder" with MS VC++ 14.0 (VS2015)

END.
