#
# There is insufficient memory for the Java Runtime Environment to continue.
# Native memory allocation (malloc) failed to allocate 394656 bytes for Chunk::new
# Possible reasons:
#   The system is out of physical RAM or swap space
#   The process is running with CompressedOops enabled, and the Java Heap may be blocking the growth of the native heap
# Possible solutions:
#   Reduce memory load on the system
#   Increase physical memory or swap space
#   Check if swap backing store is full
#   Decrease Java heap size (-Xmx/-Xms)
#   Decrease number of Java threads
#   Decrease Java thread stack sizes (-Xss)
#   Set larger code cache with -XX:ReservedCodeCacheSize=
#   JVM is running with Unscaled Compressed Oops mode in which the Java heap is
#     placed in the first 4GB address space. The Java Heap base address is the
#     maximum limit for the native heap growth. Please use -XX:HeapBaseMinAddress
#     to set the Java Heap base and to place the Java Heap above 4GB virtual address.
# This output file may be truncated or incomplete.
#
#  Out of Memory Error (./src/hotspot/share/memory/arena.cpp:197), pid=11132, tid=10668
#
# JRE version: OpenJDK Runtime Environment (11.0.10) (build 11.0.10+0-b96-7249189)
# Java VM: OpenJDK 64-Bit Server VM (11.0.10+0-b96-7249189, mixed mode, tiered, compressed oops, g1 gc, windows-amd64)
# No core dump will be written. Minidumps are not enabled by default on client versions of Windows
#

---------------  S U M M A R Y ------------

Command Line: --add-opens=java.base/java.util=ALL-UNNAMED --add-opens=java.base/java.lang=ALL-UNNAMED --add-opens=java.base/java.lang.invoke=ALL-UNNAMED --add-opens=java.prefs/java.util.prefs=ALL-UNNAMED -Xmx1536M -Dfile.encoding=windows-1252 -Duser.country=US -Duser.language=en -Duser.variant org.gradle.launcher.daemon.bootstrap.GradleDaemon 6.7

Host: Intel(R) Core(TM) i5-4210M CPU @ 2.60GHz, 4 cores, 7G,  Windows 10 , 64 bit Build 19041 (10.0.19041.1348)
Time: Wed Jun  8 08:55:18 2022 W. Central Africa Standard Time elapsed time: 924.875065 seconds (0d 0h 15m 24s)

---------------  T H R E A D  ---------------

Current thread (0x0000022caef37000):  JavaThread "C2 CompilerThread0" daemon [_thread_in_native, id=10668, stack(0x0000007b18c00000,0x0000007b18d00000)]


Current CompileTask:
C2: 924876 13656       4       java.lang.invoke.InvokerBytecodeGenerator::emitImplicitConversion (159 bytes)

Stack: [0x0000007b18c00000,0x0000007b18d00000]
Native frames: (J=compiled Java code, j=interpreted, Vv=VM code, C=native code)
V  [jvm.dll+0x5ecfaa]
V  [jvm.dll+0x722bd5]
V  [jvm.dll+0x72412d]
V  [jvm.dll+0x7247e3]
V  [jvm.dll+0x242928]
V  [jvm.dll+0xbc4fc]
V  [jvm.dll+0xbca0c]
V  [jvm.dll+0x2b4fd4]
V  [jvm.dll+0x506028]
V  [jvm.dll+0x203253]
V  [jvm.dll+0x1fd07c]
V  [jvm.dll+0x1fa77f]
V  [jvm.dll+0x18354c]
V  [jvm.dll+0x208ee7]
V  [jvm.dll+0x207731]
V  [jvm.dll+0x6eb1cf]
V  [jvm.dll+0x6e3d45]
V  [jvm.dll+0x5ebe96]
C  [ucrtbase.dll+0x21bb2]
C  [KERNEL32.DLL+0x17034]
C  [ntdll.dll+0x52651]


---------------  P R O C E S S  ---------------

Threads class SMR info:
_java_thread_list=0x0000022cb88f1730, length=56, elements={
0x0000022c96639800, 0x0000022caef10000, 0x0000022caef11800, 0x0000022caef30000,
0x0000022caef31000, 0x0000022caef32800, 0x0000022caef37000, 0x0000022caef3c000,
0x0000022caef41800, 0x0000022caf9ea000, 0x0000022cb0ad8000, 0x0000022cb0ba7000,
0x0000022cb0a3a000, 0x0000022cb1648800, 0x0000022caff8e800, 0x0000022caffb0800,
0x0000022caffb1000, 0x0000022cafee8800, 0x0000022cb09cc800, 0x0000022cb09d2800,
0x0000022cb09d3000, 0x0000022cb09cd800, 0x0000022cb09d1000, 0x0000022cb09d1800,
0x0000022cb09d0000, 0x0000022cb09ce800, 0x0000022cb09cf000, 0x0000022cb1c9d800,
0x0000022cb1ca0000, 0x0000022cb1ca2000, 0x0000022cb1ca4000, 0x0000022cb1ca3800,
0x0000022cb1ca2800, 0x0000022cb3bc0800, 0x0000022cb3bc2000, 0x0000022cb39ff000,
0x0000022cb39fc800, 0x0000022cb39f9800, 0x0000022cb39fd800, 0x0000022cb3bc2800,
0x0000022cb3bbd000, 0x0000022cb3bc3800, 0x0000022cb3bc4800, 0x0000022cb3bcb000,
0x0000022cb3bbc000, 0x0000022cb3bbe800, 0x0000022cb3bc1000, 0x0000022cb3bc5000,
0x0000022cb3bc6000, 0x0000022cb3bc7800, 0x0000022cb3bc9800, 0x0000022cb3bc7000,
0x0000022cb3bc8800, 0x0000022cb39f3000, 0x0000022cb39f2000, 0x0000022cb39f3800
}

Java Threads: ( => current thread )
  0x0000022c96639800 JavaThread "main" [_thread_blocked, id=9868, stack(0x0000007b18000000,0x0000007b18100000)]
  0x0000022caef10000 JavaThread "Reference Handler" daemon [_thread_blocked, id=1300, stack(0x0000007b18700000,0x0000007b18800000)]
  0x0000022caef11800 JavaThread "Finalizer" daemon [_thread_blocked, id=12592, stack(0x0000007b18800000,0x0000007b18900000)]
  0x0000022caef30000 JavaThread "Signal Dispatcher" daemon [_thread_blocked, id=11588, stack(0x0000007b18900000,0x0000007b18a00000)]
  0x0000022caef31000 JavaThread "Attach Listener" daemon [_thread_blocked, id=11336, stack(0x0000007b18a00000,0x0000007b18b00000)]
  0x0000022caef32800 JavaThread "Service Thread" daemon [_thread_blocked, id=5488, stack(0x0000007b18b00000,0x0000007b18c00000)]
=>0x0000022caef37000 JavaThread "C2 CompilerThread0" daemon [_thread_in_native, id=10668, stack(0x0000007b18c00000,0x0000007b18d00000)]
  0x0000022caef3c000 JavaThread "C1 CompilerThread0" daemon [_thread_blocked, id=11252, stack(0x0000007b18d00000,0x0000007b18e00000)]
  0x0000022caef41800 JavaThread "Sweeper thread" daemon [_thread_blocked, id=6316, stack(0x0000007b18e00000,0x0000007b18f00000)]
  0x0000022caf9ea000 JavaThread "Common-Cleaner" daemon [_thread_blocked, id=7304, stack(0x0000007b18f00000,0x0000007b19000000)]
  0x0000022cb0ad8000 JavaThread "Daemon health stats" [_thread_blocked, id=8872, stack(0x0000007b19300000,0x0000007b19400000)]
  0x0000022cb0ba7000 JavaThread "Incoming local TCP Connector on port 57811" [_thread_in_native, id=9088, stack(0x0000007b19600000,0x0000007b19700000)]
  0x0000022cb0a3a000 JavaThread "Daemon periodic checks" [_thread_blocked, id=2428, stack(0x0000007b19700000,0x0000007b19800000)]
  0x0000022cb1648800 JavaThread "Daemon" [_thread_blocked, id=10680, stack(0x0000007b19800000,0x0000007b19900000)]
  0x0000022caff8e800 JavaThread "Handler for socket connection from /127.0.0.1:57811 to /127.0.0.1:57815" [_thread_in_native, id=11352, stack(0x0000007b19900000,0x0000007b19a00000)]
  0x0000022caffb0800 JavaThread "Cancel handler" [_thread_blocked, id=12556, stack(0x0000007b19a00000,0x0000007b19b00000)]
  0x0000022caffb1000 JavaThread "Daemon worker" [_thread_blocked, id=11324, stack(0x0000007b19b00000,0x0000007b19c00000)]
  0x0000022cafee8800 JavaThread "Asynchronous log dispatcher for DefaultDaemonConnection: socket connection from /127.0.0.1:57811 to /127.0.0.1:57815" [_thread_blocked, id=13264, stack(0x0000007b19c00000,0x0000007b19d00000)]
  0x0000022cb09cc800 JavaThread "Thread-8" [_thread_blocked, id=8256, stack(0x0000007b19e00000,0x0000007b19f00000)]
  0x0000022cb09d2800 JavaThread "Cache worker for file hash cache (C:\Users\UDAH PAUL\.gradle\caches\6.7\fileHashes)" [_thread_blocked, id=9328, stack(0x0000007b1a000000,0x0000007b1a100000)]
  0x0000022cb09d3000 JavaThread "File lock request listener" [_thread_in_native, id=10212, stack(0x0000007b1a100000,0x0000007b1a200000)]
  0x0000022cb09cd800 JavaThread "Cache worker for journal cache (C:\Users\UDAH PAUL\.gradle\caches\journal-1)" [_thread_blocked, id=11668, stack(0x0000007b17e00000,0x0000007b17f00000)]
  0x0000022cb09d1000 JavaThread "Cache worker for file hash cache (C:\App_project\faith\android\.gradle\6.7\fileHashes)" [_thread_blocked, id=12528, stack(0x0000007b17d00000,0x0000007b17e00000)]
  0x0000022cb09d1800 JavaThread "Cache worker for checksums cache (C:\App_project\faith\android\.gradle\checksums)" [_thread_blocked, id=11528, stack(0x0000007b17f00000,0x0000007b18000000)]
  0x0000022cb09d0000 JavaThread "Cache worker for cache directory md-supplier (C:\Users\UDAH PAUL\.gradle\caches\6.7\md-supplier)" [_thread_blocked, id=12076, stack(0x0000007b1a200000,0x0000007b1a300000)]
  0x0000022cb09ce800 JavaThread "Cache worker for cache directory md-rule (C:\Users\UDAH PAUL\.gradle\caches\6.7\md-rule)" [_thread_blocked, id=12108, stack(0x0000007b1a300000,0x0000007b1a400000)]
  0x0000022cb09cf000 JavaThread "Cache worker for execution history cache (C:\Users\UDAH PAUL\.gradle\caches\6.7\executionHistory)" [_thread_blocked, id=10828, stack(0x0000007b1a400000,0x0000007b1a500000)]
  0x0000022cb1c9d800 JavaThread "Cache worker for file content cache (C:\Users\UDAH PAUL\.gradle\caches\6.7\fileContent)" [_thread_blocked, id=12596, stack(0x0000007b1a500000,0x0000007b1a600000)]
  0x0000022cb1ca0000 JavaThread "Cache worker for Build Output Cleanup Cache (C:\App_project\faith\android\.gradle\buildOutputCleanup)" [_thread_blocked, id=8428, stack(0x0000007b1a600000,0x0000007b1a700000)]
  0x0000022cb1ca2000 JavaThread "Build operations" [_thread_blocked, id=12260, stack(0x0000007b19500000,0x0000007b19600000)]
  0x0000022cb1ca4000 JavaThread "Build operations Thread 2" [_thread_blocked, id=11544, stack(0x0000007b1a700000,0x0000007b1a800000)]
  0x0000022cb1ca3800 JavaThread "Build operations Thread 3" [_thread_blocked, id=12940, stack(0x0000007b1a800000,0x0000007b1a900000)]
  0x0000022cb1ca2800 JavaThread "Build operations Thread 4" [_thread_blocked, id=2036, stack(0x0000007b1a900000,0x0000007b1aa00000)]
  0x0000022cb3bc0800 JavaThread "Memory manager" [_thread_blocked, id=11032, stack(0x0000007b19400000,0x0000007b19500000)]
  0x0000022cb3bc2000 JavaThread "build event listener" [_thread_blocked, id=7020, stack(0x0000007b1ab00000,0x0000007b1ac00000)]
  0x0000022cb39ff000 JavaThread "Execution worker for ':'" [_thread_blocked, id=13204, stack(0x0000007b19d00000,0x0000007b19e00000)]
  0x0000022cb39fc800 JavaThread "Execution worker for ':' Thread 2" [_thread_blocked, id=5768, stack(0x0000007b20800000,0x0000007b20900000)]
  0x0000022cb39f9800 JavaThread "Execution worker for ':' Thread 3" [_thread_blocked, id=11748, stack(0x0000007b20900000,0x0000007b20a00000)]
  0x0000022cb39fd800 JavaThread "Cache worker for execution history cache (C:\App_project\faith\android\.gradle\6.7\executionHistory)" [_thread_blocked, id=11128, stack(0x0000007b20a00000,0x0000007b20b00000)]
  0x0000022cb3bc2800 JavaThread "WorkerExecutor Queue" [_thread_blocked, id=7624, stack(0x0000007b1af00000,0x0000007b1b000000)]
  0x0000022cb3bbd000 JavaThread "WorkerExecutor Queue Thread 2" [_thread_in_native, id=12552, stack(0x0000007b1b000000,0x0000007b1b100000)]
  0x0000022cb3bc3800 JavaThread "WorkerExecutor Queue Thread 3" [_thread_in_native, id=4688, stack(0x0000007b1b100000,0x0000007b1b200000)]
  0x0000022cb3bc4800 JavaThread "WorkerExecutor Queue Thread 4" [_thread_blocked, id=11212, stack(0x0000007b1b200000,0x0000007b1b300000)]
  0x0000022cb3bcb000 JavaThread "pool-2-thread-1" [_thread_blocked, id=1232, stack(0x0000007b1b400000,0x0000007b1b500000)]
  0x0000022cb3bbc000 JavaThread "stderr" [_thread_in_native, id=11040, stack(0x0000007b1ac00000,0x0000007b1ad00000)]
  0x0000022cb3bbe800 JavaThread "stdout" [_thread_in_native, id=13096, stack(0x0000007b1ad00000,0x0000007b1ae00000)]
  0x0000022cb3bc1000 JavaThread "RMI Scheduler(0)" daemon [_thread_blocked, id=13300, stack(0x0000007b1ae00000,0x0000007b1af00000)]
  0x0000022cb3bc5000 JavaThread "RMI GC Daemon" daemon [_thread_blocked, id=12860, stack(0x0000007b1b500000,0x0000007b1b600000)]
  0x0000022cb3bc6000 JavaThread "RMI TCP Accept-0" daemon [_thread_in_native, id=12832, stack(0x0000007b1b600000,0x0000007b1b700000)]
  0x0000022cb3bc7800 JavaThread "RMI Reaper" [_thread_blocked, id=5228, stack(0x0000007b1b700000,0x0000007b1b800000)]
  0x0000022cb3bc9800 JavaThread "RMI TCP Connection(idle)" daemon [_thread_blocked, id=11328, stack(0x0000007b1b800000,0x0000007b1b900000)]
  0x0000022cb3bc7000 JavaThread "File lock release action executor Thread 5" [_thread_blocked, id=14192, stack(0x0000007b1aa00000,0x0000007b1ab00000)]
  0x0000022cb3bc8800 JavaThread "File lock release action executor Thread 6" [_thread_blocked, id=4736, stack(0x0000007b1b900000,0x0000007b1ba00000)]
  0x0000022cb39f3000 JavaThread "Cache worker for Java compile cache (C:\Users\UDAH PAUL\.gradle\caches\6.7\javaCompile)" [_thread_blocked, id=8640, stack(0x0000007b1ba00000,0x0000007b1bb00000)]
  0x0000022cb39f2000 JavaThread "Cache worker for Java compile cache (C:\App_project\faith\android\.gradle\6.7\javaCompile)" [_thread_blocked, id=8964, stack(0x0000007b1bb00000,0x0000007b1bc00000)]
  0x0000022cb39f3800 JavaThread "WorkerExecutor Queue Thread 5" [_thread_blocked, id=13820, stack(0x0000007b1b300000,0x0000007b1b400000)]

Other Threads:
  0x0000022caeeeb000 VMThread "VM Thread" [stack: 0x0000007b18600000,0x0000007b18700000] [id=11276]
  0x0000022cafa57800 WatcherThread [stack: 0x0000007b19000000,0x0000007b19100000] [id=12792]
  0x0000022c9456e000 GCTaskThread "GC Thread#0" [stack: 0x0000007b18100000,0x0000007b18200000] [id=10744]
  0x0000022cafdd2000 GCTaskThread "GC Thread#1" [stack: 0x0000007b19100000,0x0000007b19200000] [id=12864]
  0x0000022cafdd2800 GCTaskThread "GC Thread#2" [stack: 0x0000007b19200000,0x0000007b19300000] [id=10980]
  0x0000022cb0a17000 GCTaskThread "GC Thread#3" [stack: 0x0000007b19f00000,0x0000007b1a000000] [id=7700]
  0x0000022c96672800 ConcurrentGCThread "G1 Main Marker" [stack: 0x0000007b18200000,0x0000007b18300000] [id=9084]
  0x0000022c96674000 ConcurrentGCThread "G1 Conc#0" [stack: 0x0000007b18300000,0x0000007b18400000] [id=10132]
  0x0000022c96704800 ConcurrentGCThread "G1 Refine#0" [stack: 0x0000007b18400000,0x0000007b18500000] [id=4792]
  0x0000022c96705800 ConcurrentGCThread "G1 Young RemSet Sampling" [stack: 0x0000007b18500000,0x0000007b18600000] [id=9580]

Threads with active compile tasks:
C2 CompilerThread0 926321 13656       4       java.lang.invoke.InvokerBytecodeGenerator::emitImplicitConversion (159 bytes)

VM state:not at safepoint (normal execution)

VM Mutex/Monitor currently owned by a thread: None

Heap address: 0x00000000a0000000, size: 1536 MB, Compressed Oops mode: 32-bit
Narrow klass base: 0x0000000000000000, Narrow klass shift: 3
Compressed class space size: 1073741824 Address: 0x0000000100000000

Heap:
 garbage-first heap   total 131072K, used 102840K [0x00000000a0000000, 0x0000000100000000)
  region size 1024K, 10 young (10240K), 2 survivors (2048K)
 Metaspace       used 102990K, capacity 105881K, committed 105940K, reserved 1140736K
  class space    used 13338K, capacity 14416K, committed 14464K, reserved 1048576K
Heap Regions: E=young(eden), S=young(survivor), O=old, HS=humongous(starts), HC=humongous(continues), CS=collection set, F=free, A=archive, TAMS=top-at-mark-start (previous, next)
|   0|0x00000000a0000000, 0x00000000a0100000, 0x00000000a0100000|100%| O|  |TAMS 0x00000000a0100000, 0x00000000a0000000| Untracked 
|   1|0x00000000a0100000, 0x00000000a0200000, 0x00000000a0200000|100%| O|  |TAMS 0x00000000a0200000, 0x00000000a0100000| Complete 
|   2|0x00000000a0200000, 0x00000000a0300000, 0x00000000a0300000|100%| O|  |TAMS 0x00000000a0300000, 0x00000000a0200000| Untracked 
|   3|0x00000000a0300000, 0x00000000a0400000, 0x00000000a0400000|100%|HS|  |TAMS 0x00000000a0400000, 0x00000000a0300000| Complete 
|   4|0x00000000a0400000, 0x00000000a0500000, 0x00000000a0500000|100%|HC|  |TAMS 0x00000000a0500000, 0x00000000a0400000| Complete 
|   5|0x00000000a0500000, 0x00000000a0600000, 0x00000000a0600000|100%|HC|  |TAMS 0x00000000a0600000, 0x00000000a0500000| Complete 
|   6|0x00000000a0600000, 0x00000000a0700000, 0x00000000a0700000|100%| O|  |TAMS 0x00000000a0700000, 0x00000000a0600000| Untracked 
|   7|0x00000000a0700000, 0x00000000a0800000, 0x00000000a0800000|100%| O|  |TAMS 0x00000000a0800000, 0x00000000a0700000| Untracked 
|   8|0x00000000a0800000, 0x00000000a0900000, 0x00000000a0900000|100%| O|  |TAMS 0x00000000a0900000, 0x00000000a0800000| Untracked 
|   9|0x00000000a0900000, 0x00000000a0a00000, 0x00000000a0a00000|100%| O|  |TAMS 0x00000000a0a00000, 0x00000000a0900000| Untracked 
|  10|0x00000000a0a00000, 0x00000000a0b00000, 0x00000000a0b00000|100%| O|  |TAMS 0x00000000a0b00000, 0x00000000a0a00000| Untracked 
|  11|0x00000000a0b00000, 0x00000000a0c00000, 0x00000000a0c00000|100%| O|  |TAMS 0x00000000a0c00000, 0x00000000a0b00000| Untracked 
|  12|0x00000000a0c00000, 0x00000000a0d00000, 0x00000000a0d00000|100%|HS|  |TAMS 0x00000000a0d00000, 0x00000000a0c00000| Complete 
|  13|0x00000000a0d00000, 0x00000000a0e00000, 0x00000000a0e00000|100%| O|  |TAMS 0x00000000a0e00000, 0x00000000a0d00000| Untracked 
|  14|0x00000000a0e00000, 0x00000000a0f00000, 0x00000000a0f00000|100%| O|  |TAMS 0x00000000a0f00000, 0x00000000a0e00000| Untracked 
|  15|0x00000000a0f00000, 0x00000000a1000000, 0x00000000a1000000|100%| O|  |TAMS 0x00000000a1000000, 0x00000000a0f00000| Untracked 
|  16|0x00000000a1000000, 0x00000000a1100000, 0x00000000a1100000|100%| O|  |TAMS 0x00000000a1100000, 0x00000000a1000000| Untracked 
|  17|0x00000000a1100000, 0x00000000a1200000, 0x00000000a1200000|100%| O|  |TAMS 0x00000000a1200000, 0x00000000a1100000| Untracked 
|  18|0x00000000a1200000, 0x00000000a1300000, 0x00000000a1300000|100%| O|  |TAMS 0x00000000a1300000, 0x00000000a1200000| Untracked 
|  19|0x00000000a1300000, 0x00000000a1400000, 0x00000000a1400000|100%| O|  |TAMS 0x00000000a1400000, 0x00000000a1300000| Complete 
|  20|0x00000000a1400000, 0x00000000a1500000, 0x00000000a1500000|100%| O|  |TAMS 0x00000000a1500000, 0x00000000a1400000| Complete 
|  21|0x00000000a1500000, 0x00000000a1600000, 0x00000000a1600000|100%| O|  |TAMS 0x00000000a1600000, 0x00000000a1500000| Complete 
|  22|0x00000000a1600000, 0x00000000a1700000, 0x00000000a1700000|100%|HS|  |TAMS 0x00000000a1700000, 0x00000000a1600000| Complete 
|  23|0x00000000a1700000, 0x00000000a1800000, 0x00000000a1800000|100%|HS|  |TAMS 0x00000000a1800000, 0x00000000a1700000| Complete 
|  24|0x00000000a1800000, 0x00000000a1900000, 0x00000000a1900000|100%|HC|  |TAMS 0x00000000a1900000, 0x00000000a1800000| Complete 
|  25|0x00000000a1900000, 0x00000000a1a00000, 0x00000000a1a00000|100%|HC|  |TAMS 0x00000000a1a00000, 0x00000000a1900000| Complete 
|  26|0x00000000a1a00000, 0x00000000a1b00000, 0x00000000a1b00000|100%|HS|  |TAMS 0x00000000a1b00000, 0x00000000a1a00000| Complete 
|  27|0x00000000a1b00000, 0x00000000a1c00000, 0x00000000a1c00000|100%|HC|  |TAMS 0x00000000a1c00000, 0x00000000a1b00000| Complete 
|  28|0x00000000a1c00000, 0x00000000a1d00000, 0x00000000a1d00000|100%| O|  |TAMS 0x00000000a1d00000, 0x00000000a1c00000| Untracked 
|  29|0x00000000a1d00000, 0x00000000a1e00000, 0x00000000a1e00000|100%| O|  |TAMS 0x00000000a1e00000, 0x00000000a1d00000| Untracked 
|  30|0x00000000a1e00000, 0x00000000a1f00000, 0x00000000a1f00000|100%| O|  |TAMS 0x00000000a1f00000, 0x00000000a1e00000| Untracked 
|  31|0x00000000a1f00000, 0x00000000a2000000, 0x00000000a2000000|100%| O|  |TAMS 0x00000000a2000000, 0x00000000a1f00000| Complete 
|  32|0x00000000a2000000, 0x00000000a2100000, 0x00000000a2100000|100%| O|  |TAMS 0x00000000a2100000, 0x00000000a2000000| Complete 
|  33|0x00000000a2100000, 0x00000000a2200000, 0x00000000a2200000|100%| O|  |TAMS 0x00000000a2200000, 0x00000000a2100000| Untracked 
|  34|0x00000000a2200000, 0x00000000a2300000, 0x00000000a2300000|100%| O|  |TAMS 0x00000000a2300000, 0x00000000a2200000| Untracked 
|  35|0x00000000a2300000, 0x00000000a2400000, 0x00000000a2400000|100%| O|  |TAMS 0x00000000a2400000, 0x00000000a2300000| Untracked 
|  36|0x00000000a2400000, 0x00000000a2500000, 0x00000000a2500000|100%| O|  |TAMS 0x00000000a2500000, 0x00000000a2400000| Complete 
|  37|0x00000000a2500000, 0x00000000a2600000, 0x00000000a2600000|100%| O|  |TAMS 0x00000000a2600000, 0x00000000a2500000| Untracked 
|  38|0x00000000a2600000, 0x00000000a2700000, 0x00000000a2700000|100%| O|  |TAMS 0x00000000a2700000, 0x00000000a2600000| Untracked 
|  39|0x00000000a2700000, 0x00000000a2800000, 0x00000000a2800000|100%| O|  |TAMS 0x00000000a2800000, 0x00000000a2700000| Untracked 
|  40|0x00000000a2800000, 0x00000000a2900000, 0x00000000a2900000|100%| O|  |TAMS 0x00000000a2900000, 0x00000000a2800000| Complete 
|  41|0x00000000a2900000, 0x00000000a2a00000, 0x00000000a2a00000|100%| O|  |TAMS 0x00000000a2a00000, 0x00000000a2900000| Untracked 
|  42|0x00000000a2a00000, 0x00000000a2b00000, 0x00000000a2b00000|100%| O|  |TAMS 0x00000000a2b00000, 0x00000000a2a00000| Untracked 
|  43|0x00000000a2b00000, 0x00000000a2c00000, 0x00000000a2c00000|100%| O|  |TAMS 0x00000000a2c00000, 0x00000000a2b00000| Untracked 
|  44|0x00000000a2c00000, 0x00000000a2d00000, 0x00000000a2d00000|100%| O|  |TAMS 0x00000000a2d00000, 0x00000000a2c00000| Complete 
|  45|0x00000000a2d00000, 0x00000000a2e00000, 0x00000000a2e00000|100%| O|  |TAMS 0x00000000a2e00000, 0x00000000a2d00000| Untracked 
|  46|0x00000000a2e00000, 0x00000000a2f00000, 0x00000000a2f00000|100%| O|  |TAMS 0x00000000a2f00000, 0x00000000a2e00000| Complete 
|  47|0x00000000a2f00000, 0x00000000a3000000, 0x00000000a3000000|100%| O|  |TAMS 0x00000000a3000000, 0x00000000a2f00000| Complete 
|  48|0x00000000a3000000, 0x00000000a3100000, 0x00000000a3100000|100%| O|  |TAMS 0x00000000a3100000, 0x00000000a3000000| Untracked 
|  49|0x00000000a3100000, 0x00000000a3200000, 0x00000000a3200000|100%| O|  |TAMS 0x00000000a3200000, 0x00000000a3100000| Untracked 
|  50|0x00000000a3200000, 0x00000000a3300000, 0x00000000a3300000|100%| O|  |TAMS 0x00000000a3300000, 0x00000000a3200000| Untracked 
|  51|0x00000000a3300000, 0x00000000a3400000, 0x00000000a3400000|100%| O|  |TAMS 0x00000000a3400000, 0x00000000a3300000| Untracked 
|  52|0x00000000a3400000, 0x00000000a3500000, 0x00000000a3500000|100%| O|  |TAMS 0x00000000a3500000, 0x00000000a3400000| Untracked 
|  53|0x00000000a3500000, 0x00000000a3600000, 0x00000000a3600000|100%| O|  |TAMS 0x00000000a3600000, 0x00000000a3500000| Untracked 
|  54|0x00000000a3600000, 0x00000000a3700000, 0x00000000a3700000|100%| O|  |TAMS 0x00000000a3700000, 0x00000000a3600000| Untracked 
|  55|0x00000000a3700000, 0x00000000a3800000, 0x00000000a3800000|100%| O|  |TAMS 0x00000000a3800000, 0x00000000a3700000| Untracked 
|  56|0x00000000a3800000, 0x00000000a3900000, 0x00000000a3900000|100%| O|  |TAMS 0x00000000a3900000, 0x00000000a3800000| Untracked 
|  57|0x00000000a3900000, 0x00000000a3a00000, 0x00000000a3a00000|100%| O|  |TAMS 0x00000000a3a00000, 0x00000000a3900000| Untracked 
|  58|0x00000000a3a00000, 0x00000000a3b00000, 0x00000000a3b00000|100%| O|  |TAMS 0x00000000a3b00000, 0x00000000a3a00000| Untracked 
|  59|0x00000000a3b00000, 0x00000000a3c00000, 0x00000000a3c00000|100%| O|  |TAMS 0x00000000a3c00000, 0x00000000a3b00000| Untracked 
|  60|0x00000000a3c00000, 0x00000000a3d00000, 0x00000000a3d00000|100%| O|  |TAMS 0x00000000a3d00000, 0x00000000a3c00000| Untracked 
|  61|0x00000000a3d00000, 0x00000000a3e00000, 0x00000000a3e00000|100%| O|  |TAMS 0x00000000a3e00000, 0x00000000a3d00000| Complete 
|  62|0x00000000a3e00000, 0x00000000a3f00000, 0x00000000a3f00000|100%| O|  |TAMS 0x00000000a3f00000, 0x00000000a3e00000| Complete 
|  63|0x00000000a3f00000, 0x00000000a4000000, 0x00000000a4000000|100%| O|  |TAMS 0x00000000a4000000, 0x00000000a3f00000| Untracked 
|  64|0x00000000a4000000, 0x00000000a4100000, 0x00000000a4100000|100%| O|  |TAMS 0x00000000a4100000, 0x00000000a4000000| Complete 
|  65|0x00000000a4100000, 0x00000000a4200000, 0x00000000a4200000|100%| O|  |TAMS 0x00000000a4200000, 0x00000000a4100000| Untracked 
|  66|0x00000000a4200000, 0x00000000a4300000, 0x00000000a4300000|100%| O|  |TAMS 0x00000000a4300000, 0x00000000a4200000| Complete 
|  67|0x00000000a4300000, 0x00000000a4400000, 0x00000000a4400000|100%| O|  |TAMS 0x00000000a4400000, 0x00000000a4300000| Untracked 
|  68|0x00000000a4400000, 0x00000000a4500000, 0x00000000a4500000|100%| O|  |TAMS 0x00000000a4500000, 0x00000000a4400000| Untracked 
|  69|0x00000000a4500000, 0x00000000a4600000, 0x00000000a4600000|100%| O|  |TAMS 0x00000000a4600000, 0x00000000a4500000| Untracked 
|  70|0x00000000a4600000, 0x00000000a4700000, 0x00000000a4700000|100%| O|  |TAMS 0x00000000a4700000, 0x00000000a4600000| Complete 
|  71|0x00000000a4700000, 0x00000000a4800000, 0x00000000a4800000|100%| O|  |TAMS 0x00000000a4800000, 0x00000000a4700000| Complete 
|  72|0x00000000a4800000, 0x00000000a4900000, 0x00000000a4900000|100%| O|  |TAMS 0x00000000a4900000, 0x00000000a4800000| Complete 
|  73|0x00000000a4900000, 0x00000000a4a00000, 0x00000000a4a00000|100%| O|  |TAMS 0x00000000a4a00000, 0x00000000a4900000| Untracked 
|  74|0x00000000a4a00000, 0x00000000a4b00000, 0x00000000a4b00000|100%| O|  |TAMS 0x00000000a4b00000, 0x00000000a4a00000| Untracked 
|  75|0x00000000a4b00000, 0x00000000a4c00000, 0x00000000a4c00000|100%| O|  |TAMS 0x00000000a4c00000, 0x00000000a4b00000| Untracked 
|  76|0x00000000a4c00000, 0x00000000a4d00000, 0x00000000a4d00000|100%| O|  |TAMS 0x00000000a4d00000, 0x00000000a4c00000| Untracked 
|  77|0x00000000a4d00000, 0x00000000a4e00000, 0x00000000a4e00000|100%| O|  |TAMS 0x00000000a4e00000, 0x00000000a4d00000| Complete 
|  78|0x00000000a4e00000, 0x00000000a4f00000, 0x00000000a4f00000|100%| O|  |TAMS 0x00000000a4f00000, 0x00000000a4e00000| Untracked 
|  79|0x00000000a4f00000, 0x00000000a5000000, 0x00000000a5000000|100%| O|  |TAMS 0x00000000a5000000, 0x00000000a4f00000| Untracked 
|  80|0x00000000a5000000, 0x00000000a5100000, 0x00000000a5100000|100%| O|  |TAMS 0x00000000a5100000, 0x00000000a5000000| Untracked 
|  81|0x00000000a5100000, 0x00000000a5200000, 0x00000000a5200000|100%| O|  |TAMS 0x00000000a5200000, 0x00000000a5100000| Complete 
|  82|0x00000000a5200000, 0x00000000a5200000, 0x00000000a5300000|  0%| F|  |TAMS 0x00000000a5200000, 0x00000000a5200000| Untracked 
|  83|0x00000000a5300000, 0x00000000a5300000, 0x00000000a5400000|  0%| F|  |TAMS 0x00000000a5300000, 0x00000000a5300000| Untracked 
|  84|0x00000000a5400000, 0x00000000a5500000, 0x00000000a5500000|100%| O|  |TAMS 0x00000000a5500000, 0x00000000a5400000| Complete 
|  85|0x00000000a5500000, 0x00000000a5500000, 0x00000000a5600000|  0%| F|  |TAMS 0x00000000a5500000, 0x00000000a5500000| Untracked 
|  86|0x00000000a5600000, 0x00000000a5700000, 0x00000000a5700000|100%|HS|  |TAMS 0x00000000a5700000, 0x00000000a5600000| Complete 
|  87|0x00000000a5700000, 0x00000000a5800000, 0x00000000a5800000|100%|HC|  |TAMS 0x00000000a5800000, 0x00000000a5700000| Complete 
|  88|0x00000000a5800000, 0x00000000a5800000, 0x00000000a5900000|  0%| F|  |TAMS 0x00000000a5800000, 0x00000000a5800000| Untracked 
|  89|0x00000000a5900000, 0x00000000a5a00000, 0x00000000a5a00000|100%| O|  |TAMS 0x00000000a5a00000, 0x00000000a5900000| Complete 
|  90|0x00000000a5a00000, 0x00000000a5b00000, 0x00000000a5b00000|100%| O|  |TAMS 0x00000000a5b00000, 0x00000000a5a00000| Untracked 
|  91|0x00000000a5b00000, 0x00000000a5c00000, 0x00000000a5c00000|100%| O|  |TAMS 0x00000000a5c00000, 0x00000000a5b00000| Complete 
|  92|0x00000000a5c00000, 0x00000000a5d00000, 0x00000000a5d00000|100%| O|  |TAMS 0x00000000a5d00000, 0x00000000a5c00000| Complete 
|  93|0x00000000a5d00000, 0x00000000a5e00000, 0x00000000a5e00000|100%| O|  |TAMS 0x00000000a5e00000, 0x00000000a5d00000| Untracked 
|  94|0x00000000a5e00000, 0x00000000a5f00000, 0x00000000a5f00000|100%| O|  |TAMS 0x00000000a5f00000, 0x00000000a5e00000| Complete 
|  95|0x00000000a5f00000, 0x00000000a6000000, 0x00000000a6000000|100%| O|  |TAMS 0x00000000a6000000, 0x00000000a5f00000| Untracked 
|  96|0x00000000a6000000, 0x00000000a606e000, 0x00000000a6100000| 42%| O|  |TAMS 0x00000000a606e000, 0x00000000a6000000| Untracked 
|  97|0x00000000a6100000, 0x00000000a6100000, 0x00000000a6200000|  0%| F|  |TAMS 0x00000000a6100000, 0x00000000a6100000| Untracked 
|  98|0x00000000a6200000, 0x00000000a6200000, 0x00000000a6300000|  0%| F|  |TAMS 0x00000000a6200000, 0x00000000a6200000| Untracked 
|  99|0x00000000a6300000, 0x00000000a6300000, 0x00000000a6400000|  0%| F|  |TAMS 0x00000000a6300000, 0x00000000a6300000| Untracked 
| 100|0x00000000a6400000, 0x00000000a6400000, 0x00000000a6500000|  0%| F|  |TAMS 0x00000000a6400000, 0x00000000a6400000| Untracked 
| 101|0x00000000a6500000, 0x00000000a6500000, 0x00000000a6600000|  0%| F|  |TAMS 0x00000000a6500000, 0x00000000a6500000| Untracked 
| 102|0x00000000a6600000, 0x00000000a6600000, 0x00000000a6700000|  0%| F|  |TAMS 0x00000000a6600000, 0x00000000a6600000| Untracked 
| 103|0x00000000a6700000, 0x00000000a6700000, 0x00000000a6800000|  0%| F|  |TAMS 0x00000000a6700000, 0x00000000a6700000| Untracked 
| 104|0x00000000a6800000, 0x00000000a6800000, 0x00000000a6900000|  0%| F|  |TAMS 0x00000000a6800000, 0x00000000a6800000| Untracked 
| 105|0x00000000a6900000, 0x00000000a6900000, 0x00000000a6a00000|  0%| F|  |TAMS 0x00000000a6900000, 0x00000000a6900000| Untracked 
| 106|0x00000000a6a00000, 0x00000000a6a00000, 0x00000000a6b00000|  0%| F|  |TAMS 0x00000000a6a00000, 0x00000000a6a00000| Untracked 
| 107|0x00000000a6b00000, 0x00000000a6b00000, 0x00000000a6c00000|  0%| F|  |TAMS 0x00000000a6b00000, 0x00000000a6b00000| Untracked 
| 108|0x00000000a6c00000, 0x00000000a6c00000, 0x00000000a6d00000|  0%| F|  |TAMS 0x00000000a6c00000, 0x00000000a6c00000| Untracked 
| 109|0x00000000a6d00000, 0x00000000a6d00000, 0x00000000a6e00000|  0%| F|  |TAMS 0x00000000a6d00000, 0x00000000a6d00000| Untracked 
| 110|0x00000000a6e00000, 0x00000000a6e00000, 0x00000000a6f00000|  0%| F|  |TAMS 0x00000000a6e00000, 0x00000000a6e00000| Untracked 
| 111|0x00000000a6f00000, 0x00000000a6f00000, 0x00000000a7000000|  0%| F|  |TAMS 0x00000000a6f00000, 0x00000000a6f00000| Untracked 
| 112|0x00000000a7000000, 0x00000000a7100000, 0x00000000a7100000|100%| S|CS|TAMS 0x00000000a7000000, 0x00000000a7000000| Complete 
| 113|0x00000000a7100000, 0x00000000a7200000, 0x00000000a7200000|100%| S|CS|TAMS 0x00000000a7100000, 0x00000000a7100000| Complete 
| 114|0x00000000a7200000, 0x00000000a7200000, 0x00000000a7300000|  0%| F|  |TAMS 0x00000000a7200000, 0x00000000a7200000| Untracked 
| 115|0x00000000a7300000, 0x00000000a7300000, 0x00000000a7400000|  0%| F|  |TAMS 0x00000000a7300000, 0x00000000a7300000| Untracked 
| 116|0x00000000a7400000, 0x00000000a7400000, 0x00000000a7500000|  0%| F|  |TAMS 0x00000000a7400000, 0x00000000a7400000| Untracked 
| 117|0x00000000a7500000, 0x00000000a7500000, 0x00000000a7600000|  0%| F|  |TAMS 0x00000000a7500000, 0x00000000a7500000| Untracked 
| 118|0x00000000a7600000, 0x00000000a7600000, 0x00000000a7700000|  0%| F|  |TAMS 0x00000000a7600000, 0x00000000a7600000| Untracked 
| 119|0x00000000a7700000, 0x00000000a7700000, 0x00000000a7800000|  0%| F|  |TAMS 0x00000000a7700000, 0x00000000a7700000| Untracked 
| 120|0x00000000a7800000, 0x00000000a782e430, 0x00000000a7900000| 18%| E|  |TAMS 0x00000000a7800000, 0x00000000a7800000| Complete 
| 121|0x00000000a7900000, 0x00000000a7a00000, 0x00000000a7a00000|100%| E|CS|TAMS 0x00000000a7900000, 0x00000000a7900000| Complete 
| 122|0x00000000a7a00000, 0x00000000a7b00000, 0x00000000a7b00000|100%| E|CS|TAMS 0x00000000a7a00000, 0x00000000a7a00000| Complete 
| 123|0x00000000a7b00000, 0x00000000a7c00000, 0x00000000a7c00000|100%| E|CS|TAMS 0x00000000a7b00000, 0x00000000a7b00000| Complete 
| 124|0x00000000a7c00000, 0x00000000a7d00000, 0x00000000a7d00000|100%| E|CS|TAMS 0x00000000a7c00000, 0x00000000a7c00000| Complete 
| 125|0x00000000a7d00000, 0x00000000a7e00000, 0x00000000a7e00000|100%| E|  |TAMS 0x00000000a7d00000, 0x00000000a7d00000| Complete 
| 126|0x00000000a7e00000, 0x00000000a7f00000, 0x00000000a7f00000|100%| E|CS|TAMS 0x00000000a7e00000, 0x00000000a7e00000| Complete 
| 127|0x00000000a7f00000, 0x00000000a8000000, 0x00000000a8000000|100%| E|CS|TAMS 0x00000000a7f00000, 0x00000000a7f00000| Complete 

Card table byte_map: [0x0000022ca9420000,0x0000022ca9720000] _byte_map_base: 0x0000022ca8f20000

Marking Bits (Prev, Next): (CMBitMap*) 0x0000022c9666bdb0, (CMBitMap*) 0x0000022c9666bd78
 Prev Bits: [0x0000022cab220000, 0x0000022caca20000)
 Next Bits: [0x0000022ca9a20000, 0x0000022cab220000)

Polling page: 0x0000022c94590000

Metaspace:

Usage:
  Non-class:     89.32 MB capacity,    87.55 MB ( 98%) used,     1.48 MB (  2%) free+waste,   292.94 KB ( <1%) overhead. 
      Class:     14.08 MB capacity,    13.03 MB ( 93%) used,   942.70 KB (  7%) free+waste,   134.75 KB ( <1%) overhead. 
       Both:    103.40 MB capacity,   100.58 MB ( 97%) used,     2.40 MB (  2%) free+waste,   427.69 KB ( <1%) overhead. 

Virtual space:
  Non-class space:       90.00 MB reserved,      89.33 MB (>99%) committed 
      Class space:        1.00 GB reserved,      14.13 MB (  1%) committed 
             Both:        1.09 GB reserved,     103.46 MB (  9%) committed 

Chunk freelists:
   Non-Class:  11.00 KB
       Class:  16.00 KB
        Both:  27.00 KB

MaxMetaspaceSize: 17179869184.00 GB
CompressedClassSpaceSize: 1.00 GB

CodeHeap 'non-profiled nmethods': size=120064Kb used=9029Kb max_used=9029Kb free=111034Kb
 bounds [0x0000022ca1be0000, 0x0000022ca24c0000, 0x0000022ca9120000]
CodeHeap 'profiled nmethods': size=120000Kb used=30430Kb max_used=30430Kb free=89569Kb
 bounds [0x0000022c9a6b0000, 0x0000022c9c470000, 0x0000022ca1be0000]
CodeHeap 'non-nmethods': size=5696Kb used=2342Kb max_used=2408Kb free=3353Kb
 bounds [0x0000022c9a120000, 0x0000022c9a390000, 0x0000022c9a6b0000]
 total_blobs=14576 nmethods=13610 adapters=875
 compilation: enabled
              stopped_count=0, restarted_count=0
 full_count=0

Compilation events (20 events):
Event: 922.601 Thread 0x0000022caef3c000 nmethod 13644 0x0000022c9c462010 code [0x0000022c9c462240, 0x0000022c9c462b58]
Event: 922.602 Thread 0x0000022caef3c000 13645       3       com.android.tools.build.apkzlib.zip.StoredEntry$$Lambda$1077/0x0000000100dbd440::get$Lambda (9 bytes)
Event: 922.603 Thread 0x0000022caef3c000 nmethod 13645 0x0000022c9c462d90 code [0x0000022c9c462f60, 0x0000022c9c4631b8]
Event: 922.607 Thread 0x0000022caef37000 13646   !   4       com.android.tools.build.apkzlib.zip.EncodeUtils::decode (52 bytes)
Event: 922.639 Thread 0x0000022caef3c000 13649   !   3       com.google.common.base.Suppliers$NonSerializableMemoizingSupplier::get (62 bytes)
Event: 922.641 Thread 0x0000022caef3c000 nmethod 13649 0x0000022c9c463290 code [0x0000022c9c463460, 0x0000022c9c463968]
Event: 922.641 Thread 0x0000022caef3c000 13650       3       com.android.tools.build.apkzlib.zip.StoredEntry$$Lambda$1077/0x0000000100dbd440::get (8 bytes)
Event: 922.642 Thread 0x0000022caef3c000 nmethod 13650 0x0000022c9c463a90 code [0x0000022c9c463c80, 0x0000022c9c463fc8]
Event: 922.694 Thread 0x0000022caef37000 nmethod 13646 0x0000022ca24acf10 code [0x0000022ca24ad1c0, 0x0000022ca24ae8a0]
Event: 922.695 Thread 0x0000022caef37000 13648       4       com.android.tools.build.apkzlib.zip.ZFile::directFullyRead (10 bytes)
Event: 922.701 Thread 0x0000022caef37000 nmethod 13648 0x0000022ca24af310 code [0x0000022ca24af4e0, 0x0000022ca24af7e8]
Event: 922.701 Thread 0x0000022caef37000 13651       4       com.android.tools.build.apkzlib.zip.ZipField::endOffset (10 bytes)
Event: 922.701 Thread 0x0000022caef37000 nmethod 13651 0x0000022ca24afb10 code [0x0000022ca24afca0, 0x0000022ca24afd18]
Event: 922.701 Thread 0x0000022caef37000 13647       4       java.nio.charset.CharsetDecoder::decode (136 bytes)
Event: 922.710 Thread 0x0000022caef37000 nmethod 13647 0x0000022ca24afd90 code [0x0000022ca24aff60, 0x0000022ca24b0458]
Event: 923.007 Thread 0x0000022caef37000 13652       4       com.android.builder.files.RelativeFile::getBase (25 bytes)
Event: 923.010 Thread 0x0000022caef37000 nmethod 13652 0x0000022ca24b0910 code [0x0000022ca24b0aa0, 0x0000022ca24b0b38]
Event: 923.940 Thread 0x0000022caef3c000 13653       3       com.android.tools.build.apkzlib.zip.StoredEntry::readDataDescriptorRecord (250 bytes)
Event: 923.947 Thread 0x0000022caef3c000 nmethod 13653 0x0000022c9c464190 code [0x0000022c9c464520, 0x0000022c9c465e58]
Event: 924.015 Thread 0x0000022caef37000 13656       4       java.lang.invoke.InvokerBytecodeGenerator::emitImplicitConversion (159 bytes)

GC Heap History (20 events):
Event: 874.449 GC heap before
{Heap before GC invocations=36 (full 0):
 garbage-first heap   total 131072K, used 109069K [0x00000000a0000000, 0x0000000100000000)
  region size 1024K, 27 young (27648K), 1 survivors (1024K)
 Metaspace       used 94919K, capacity 97610K, committed 97620K, reserved 1134592K
  class space    used 12323K, capacity 13312K, committed 13312K, reserved 1048576K
}
Event: 874.456 GC heap after
{Heap after GC invocations=37 (full 0):
 garbage-first heap   total 131072K, used 84183K [0x00000000a0000000, 0x0000000100000000)
  region size 1024K, 2 young (2048K), 2 survivors (2048K)
 Metaspace       used 94919K, capacity 97610K, committed 97620K, reserved 1134592K
  class space    used 12323K, capacity 13312K, committed 13312K, reserved 1048576K
}
Event: 898.230 GC heap before
{Heap before GC invocations=38 (full 0):
 garbage-first heap   total 131072K, used 111831K [0x00000000a0000000, 0x0000000100000000)
  region size 1024K, 28 young (28672K), 2 survivors (2048K)
 Metaspace       used 98358K, capacity 101010K, committed 101076K, reserved 1136640K
  class space    used 12699K, capacity 13680K, committed 13696K, reserved 1048576K
}
Event: 898.241 GC heap after
{Heap after GC invocations=39 (full 0):
 garbage-first heap   total 131072K, used 90473K [0x00000000a0000000, 0x0000000100000000)
  region size 1024K, 4 young (4096K), 4 survivors (4096K)
 Metaspace       used 98358K, capacity 101010K, committed 101076K, reserved 1136640K
  class space    used 12699K, capacity 13680K, committed 13696K, reserved 1048576K
}
Event: 898.680 GC heap before
{Heap before GC invocations=39 (full 0):
 garbage-first heap   total 131072K, used 91497K [0x00000000a0000000, 0x0000000100000000)
  region size 1024K, 6 young (6144K), 4 survivors (4096K)
 Metaspace       used 98721K, capacity 101365K, committed 101460K, reserved 1136640K
  class space    used 12740K, capacity 13734K, committed 13824K, reserved 1048576K
}
Event: 898.688 GC heap after
{Heap after GC invocations=40 (full 0):
 garbage-first heap   total 131072K, used 90459K [0x00000000a0000000, 0x0000000100000000)
  region size 1024K, 1 young (1024K), 1 survivors (1024K)
 Metaspace       used 98721K, capacity 101365K, committed 101460K, reserved 1136640K
  class space    used 12740K, capacity 13734K, committed 13824K, reserved 1048576K
}
Event: 903.847 GC heap before
{Heap before GC invocations=40 (full 0):
 garbage-first heap   total 131072K, used 107867K [0x00000000a0000000, 0x0000000100000000)
  region size 1024K, 19 young (19456K), 1 survivors (1024K)
 Metaspace       used 99534K, capacity 102312K, committed 102356K, reserved 1138688K
  class space    used 12848K, capacity 13921K, committed 13952K, reserved 1048576K
}
Event: 903.861 GC heap after
{Heap after GC invocations=41 (full 0):
 garbage-first heap   total 131072K, used 94351K [0x00000000a0000000, 0x0000000100000000)
  region size 1024K, 3 young (3072K), 3 survivors (3072K)
 Metaspace       used 99534K, capacity 102312K, committed 102356K, reserved 1138688K
  class space    used 12848K, capacity 13921K, committed 13952K, reserved 1048576K
}
Event: 904.456 GC heap before
{Heap before GC invocations=42 (full 0):
 garbage-first heap   total 131072K, used 107663K [0x00000000a0000000, 0x0000000100000000)
  region size 1024K, 17 young (17408K), 3 survivors (3072K)
 Metaspace       used 99711K, capacity 102540K, committed 102612K, reserved 1138688K
  class space    used 12872K, capacity 13930K, committed 13952K, reserved 1048576K
}
Event: 904.472 GC heap after
{Heap after GC invocations=43 (full 0):
 garbage-first heap   total 131072K, used 95654K [0x00000000a0000000, 0x0000000100000000)
  region size 1024K, 2 young (2048K), 2 survivors (2048K)
 Metaspace       used 99711K, capacity 102540K, committed 102612K, reserved 1138688K
  class space    used 12872K, capacity 13930K, committed 13952K, reserved 1048576K
}
Event: 904.550 GC heap before
{Heap before GC invocations=43 (full 0):
 garbage-first heap   total 131072K, used 98726K [0x00000000a0000000, 0x0000000100000000)
  region size 1024K, 6 young (6144K), 2 survivors (2048K)
 Metaspace       used 99854K, capacity 102651K, committed 102996K, reserved 1138688K
  class space    used 12900K, capacity 13968K, committed 14080K, reserved 1048576K
}
Event: 904.557 GC heap after
{Heap after GC invocations=44 (full 0):
 garbage-first heap   total 131072K, used 92275K [0x00000000a0000000, 0x0000000100000000)
  region size 1024K, 1 young (1024K), 1 survivors (1024K)
 Metaspace       used 99854K, capacity 102651K, committed 102996K, reserved 1138688K
  class space    used 12900K, capacity 13968K, committed 14080K, reserved 1048576K
}
Event: 905.250 GC heap before
{Heap before GC invocations=44 (full 0):
 garbage-first heap   total 131072K, used 105587K [0x00000000a0000000, 0x0000000100000000)
  region size 1024K, 16 young (16384K), 1 survivors (1024K)
 Metaspace       used 100571K, capacity 103415K, committed 103508K, reserved 1138688K
  class space    used 12987K, capacity 14048K, committed 14080K, reserved 1048576K
}
Event: 905.256 GC heap after
{Heap after GC invocations=45 (full 0):
 garbage-first heap   total 131072K, used 92626K [0x00000000a0000000, 0x0000000100000000)
  region size 1024K, 1 young (1024K), 1 survivors (1024K)
 Metaspace       used 100571K, capacity 103415K, committed 103508K, reserved 1138688K
  class space    used 12987K, capacity 14048K, committed 14080K, reserved 1048576K
}
Event: 906.872 GC heap before
{Heap before GC invocations=46 (full 0):
 garbage-first heap   total 131072K, used 110034K [0x00000000a0000000, 0x0000000100000000)
  region size 1024K, 17 young (17408K), 1 survivors (1024K)
 Metaspace       used 100940K, capacity 103791K, committed 104148K, reserved 1138688K
  class space    used 13035K, capacity 14109K, committed 14208K, reserved 1048576K
}
Event: 906.880 GC heap after
{Heap after GC invocations=47 (full 0):
 garbage-first heap   total 131072K, used 97457K [0x00000000a0000000, 0x0000000100000000)
  region size 1024K, 3 young (3072K), 3 survivors (3072K)
 Metaspace       used 100940K, capacity 103791K, committed 104148K, reserved 1138688K
  class space    used 13035K, capacity 14109K, committed 14208K, reserved 1048576K
}
Event: 908.638 GC heap before
{Heap before GC invocations=47 (full 0):
 garbage-first heap   total 131072K, used 100529K [0x00000000a0000000, 0x0000000100000000)
  region size 1024K, 6 young (6144K), 3 survivors (3072K)
 Metaspace       used 100944K, capacity 103791K, committed 104148K, reserved 1138688K
  class space    used 13035K, capacity 14109K, committed 14208K, reserved 1048576K
}
Event: 908.652 GC heap after
{Heap after GC invocations=48 (full 0):
 garbage-first heap   total 131072K, used 97242K [0x00000000a0000000, 0x0000000100000000)
  region size 1024K, 1 young (1024K), 1 survivors (1024K)
 Metaspace       used 100944K, capacity 103791K, committed 104148K, reserved 1138688K
  class space    used 13035K, capacity 14109K, committed 14208K, reserved 1048576K
}
Event: 920.014 GC heap before
{Heap before GC invocations=48 (full 0):
 garbage-first heap   total 131072K, used 109530K [0x00000000a0000000, 0x0000000100000000)
  region size 1024K, 14 young (14336K), 1 survivors (1024K)
 Metaspace       used 102302K, capacity 105141K, committed 105300K, reserved 1140736K
  class space    used 13237K, capacity 14316K, committed 14336K, reserved 1048576K
}
Event: 920.031 GC heap after
{Heap after GC invocations=49 (full 0):
 garbage-first heap   total 131072K, used 98744K [0x00000000a0000000, 0x0000000100000000)
  region size 1024K, 2 young (2048K), 2 survivors (2048K)
 Metaspace       used 102302K, capacity 105141K, committed 105300K, reserved 1140736K
  class space    used 13237K, capacity 14316K, committed 14336K, reserved 1048576K
}

Deoptimization events (20 events):
Event: 917.034 Thread 0x0000022cb3bc2800 Uncommon trap: trap_request=0xffffff4d fr.pc=0x0000022ca23d4ed4 relative=0x00000000000001b4
Event: 917.035 Thread 0x0000022cb3bc2800 Uncommon trap: reason=unstable_if action=reinterpret pc=0x0000022ca23d4ed4 method=jdk.internal.util.ArraysSupport.mismatch([B[BI)I @ 38 c2
Event: 917.035 Thread 0x0000022cb3bc2800 DEOPT PACKING pc=0x0000022ca23d4ed4 sp=0x0000007b1affd4b0
Event: 917.035 Thread 0x0000022cb3bc2800 DEOPT UNPACKING pc=0x0000022c9a1478af sp=0x0000007b1affd3f0 mode 2
Event: 917.859 Thread 0x0000022cb3bbd000 Uncommon trap: trap_request=0xffffffc6 fr.pc=0x0000022ca230a148 relative=0x0000000000000088
Event: 917.859 Thread 0x0000022cb3bbd000 Uncommon trap: reason=bimorphic_or_optimized_type_check action=maybe_recompile pc=0x0000022ca230a148 method=java.util.stream.StreamOpFlag.fromCharacteristics(Ljava/util/Spliterator;)I @ 14 c2
Event: 917.859 Thread 0x0000022cb3bbd000 DEOPT PACKING pc=0x0000022ca230a148 sp=0x0000007b1b0fd760
Event: 917.859 Thread 0x0000022cb3bc2800 Uncommon trap: trap_request=0xffffffc6 fr.pc=0x0000022ca230a148 relative=0x0000000000000088
Event: 917.859 Thread 0x0000022cb3bbd000 DEOPT UNPACKING pc=0x0000022c9a1478af sp=0x0000007b1b0fd6f8 mode 2
Event: 917.860 Thread 0x0000022cb3bc2800 Uncommon trap: reason=bimorphic_or_optimized_type_check action=maybe_recompile pc=0x0000022ca230a148 method=java.util.stream.StreamOpFlag.fromCharacteristics(Ljava/util/Spliterator;)I @ 14 c2
Event: 917.860 Thread 0x0000022cb3bc2800 DEOPT PACKING pc=0x0000022ca230a148 sp=0x0000007b1affd530
Event: 917.860 Thread 0x0000022cb3bc2800 DEOPT UNPACKING pc=0x0000022c9a1478af sp=0x0000007b1affd4c8 mode 2
Event: 917.860 Thread 0x0000022cb3bc2800 Uncommon trap: trap_request=0xffffff4d fr.pc=0x0000022ca22de1ac relative=0x000000000000038c
Event: 917.860 Thread 0x0000022cb3bc2800 Uncommon trap: reason=unstable_if action=reinterpret pc=0x0000022ca22de1ac method=java.util.stream.StreamOpFlag.getMask(I)I @ 1 c2
Event: 917.860 Thread 0x0000022cb3bc2800 DEOPT PACKING pc=0x0000022ca22de1ac sp=0x0000007b1affd3f0
Event: 917.861 Thread 0x0000022cb3bc2800 DEOPT UNPACKING pc=0x0000022c9a1478af sp=0x0000007b1affd2e0 mode 2
Event: 917.865 Thread 0x0000022cb3bc4800 Uncommon trap: trap_request=0xffffffc6 fr.pc=0x0000022ca230a148 relative=0x0000000000000088
Event: 917.865 Thread 0x0000022cb3bc4800 Uncommon trap: reason=bimorphic_or_optimized_type_check action=maybe_recompile pc=0x0000022ca230a148 method=java.util.stream.StreamOpFlag.fromCharacteristics(Ljava/util/Spliterator;)I @ 14 c2
Event: 917.865 Thread 0x0000022cb3bc4800 DEOPT PACKING pc=0x0000022ca230a148 sp=0x0000007b1b2fd180
Event: 917.865 Thread 0x0000022cb3bc4800 DEOPT UNPACKING pc=0x0000022c9a1478af sp=0x0000007b1b2fd118 mode 2

Classes redefined (0 events):
No events

Internal exceptions (20 events):
Event: 898.570 Thread 0x0000022cb39f9800 Exception <a 'sun/nio/fs/WindowsException'{0x00000000a7e96250}> (0x00000000a7e96250) thrown at [./src/hotspot/share/prims/jni.cpp, line 615]
Event: 898.571 Thread 0x0000022cb39f9800 Exception <a 'sun/nio/fs/WindowsException'{0x00000000a7e9e228}> (0x00000000a7e9e228) thrown at [./src/hotspot/share/prims/jni.cpp, line 615]
Event: 898.571 Thread 0x0000022cb39f9800 Exception <a 'sun/nio/fs/WindowsException'{0x00000000a7e9e330}> (0x00000000a7e9e330) thrown at [./src/hotspot/share/prims/jni.cpp, line 615]
Event: 898.573 Thread 0x0000022cb39f9800 Exception <a 'sun/nio/fs/WindowsException'{0x00000000a7eace88}> (0x00000000a7eace88) thrown at [./src/hotspot/share/prims/jni.cpp, line 615]
Event: 898.602 Thread 0x0000022cb39f9800 Exception <a 'sun/nio/fs/WindowsException'{0x00000000a7eacfb0}> (0x00000000a7eacfb0) thrown at [./src/hotspot/share/prims/jni.cpp, line 615]
Event: 898.701 Thread 0x0000022cb39f9800 Exception <a 'sun/nio/fs/WindowsException'{0x00000000a7f72780}> (0x00000000a7f72780) thrown at [./src/hotspot/share/prims/jni.cpp, line 615]
Event: 898.701 Thread 0x0000022cb39f9800 Exception <a 'sun/nio/fs/WindowsException'{0x00000000a7f72890}> (0x00000000a7f72890) thrown at [./src/hotspot/share/prims/jni.cpp, line 615]
Event: 898.851 Thread 0x0000022cb39f9800 Exception <a 'sun/nio/fs/WindowsException'{0x00000000a7e8acd8}> (0x00000000a7e8acd8) thrown at [./src/hotspot/share/prims/jni.cpp, line 615]
Event: 903.934 Thread 0x0000022caffb1000 Exception <a 'sun/nio/fs/WindowsException'{0x00000000a7cc09c0}> (0x00000000a7cc09c0) thrown at [./src/hotspot/share/prims/jni.cpp, line 615]
Event: 903.934 Thread 0x0000022caffb1000 Exception <a 'sun/nio/fs/WindowsException'{0x00000000a7cc1df8}> (0x00000000a7cc1df8) thrown at [./src/hotspot/share/prims/jni.cpp, line 615]
Event: 903.952 Thread 0x0000022caffb1000 Exception <a 'sun/nio/fs/WindowsException'{0x00000000a7cd3cf8}> (0x00000000a7cd3cf8) thrown at [./src/hotspot/share/prims/jni.cpp, line 615]
Event: 903.954 Thread 0x0000022caffb1000 Exception <a 'sun/nio/fs/WindowsException'{0x00000000a7cd5098}> (0x00000000a7cd5098) thrown at [./src/hotspot/share/prims/jni.cpp, line 615]
Event: 903.984 Thread 0x0000022caffb1000 Exception <a 'java/lang/NoSuchMethodError'{0x00000000a7b50b00}: <clinit>> (0x00000000a7b50b00) thrown at [./src/hotspot/share/prims/jni.cpp, line 1362]
Event: 903.990 Thread 0x0000022caffb1000 Exception <a 'java/lang/NoSuchMethodError'{0x00000000a7b71358}: <clinit>> (0x00000000a7b71358) thrown at [./src/hotspot/share/prims/jni.cpp, line 1362]
Event: 904.016 Thread 0x0000022cb3bc3800 Exception <a 'sun/nio/fs/WindowsException'{0x00000000a7ba5828}> (0x00000000a7ba5828) thrown at [./src/hotspot/share/prims/jni.cpp, line 615]
Event: 909.723 Thread 0x0000022cb39ff000 Exception <a 'java/lang/NoSuchMethodError'{0x00000000a7dbdf18}: <clinit>> (0x00000000a7dbdf18) thrown at [./src/hotspot/share/prims/jni.cpp, line 1362]
Event: 910.577 Thread 0x0000022cb3bbd000 Exception <a 'sun/nio/fs/WindowsException'{0x00000000a7782ff0}> (0x00000000a7782ff0) thrown at [./src/hotspot/share/prims/jni.cpp, line 615]
Event: 910.577 Thread 0x0000022cb3bc4800 Exception <a 'sun/nio/fs/WindowsException'{0x00000000a7775440}> (0x00000000a7775440) thrown at [./src/hotspot/share/prims/jni.cpp, line 615]
Event: 924.015 Thread 0x0000022cb3bbd000 Exception <a 'java/lang/NoSuchMethodError'{0x00000000a7b1b0b8}: 'java.lang.Object java.lang.invoke.DirectMethodHandle$Holder.invokeStatic(java.lang.Object, java.lang.Object, java.lang.Object, java.lang.Object, java.lang.Object, java.lang.Object, java.lang.Object, java.lang.Object, java.lang.Object, java.lang.Object, java.lang.Object, java.lang.Object, java.lang.Object, java.lang.Object, java.lang.Object, java.lang.Object, java.lang.Object, int, java.lang.Object)'> (0x00000000a7b1b0b8) thrown at [./src/hots
Event: 924.017 Thread 0x0000022cb3bbd000 Exception <a 'java/lang/NoSuchMethodError'{0x00000000a7b20de0}: 'java.lang.Object java.lang.invoke.DirectMethodHandle$Holder.invokeStaticInit(java.lang.Object, java.lang.Object, java.lang.Object, java.lang.Object, java.lang.Object, java.lang.Object, java.lang.Object, java.lang.Object, java.lang.Object, java.lang.Object, java.lang.Object, java.lang.Object, java.lang.Object, java.lang.Object, java.lang.Object, java.lang.Object, java.lang.Object, int, java.lang.Object)'> (0x00000000a7b20de0) thrown at [./src/

Events (20 events):
Event: 924.011 loading class com/android/tools/r8/graph/j0
Event: 924.011 loading class com/android/tools/r8/graph/j0 done
Event: 924.012 loading class com/android/tools/r8/graph/p$a
Event: 924.012 loading class com/android/tools/r8/graph/p$a done
Event: 924.012 loading class com/android/tools/r8/graph/p$a
Event: 924.012 loading class com/android/tools/r8/graph/p$a done
Event: 924.013 loading class com/android/tools/r8/graph/C
Event: 924.013 loading class com/android/tools/r8/graph/C done
Event: 924.014 loading class com/android/tools/r8/graph/j0
Event: 924.014 loading class com/android/tools/r8/graph/j0 done
Event: 924.018 loading class com/android/tools/r8/graph/p$a
Event: 924.018 loading class com/android/tools/r8/graph/p$a done
Event: 924.020 loading class com/android/tools/r8/graph/j0
Event: 924.020 loading class com/android/tools/r8/graph/j0 done
Event: 924.020 loading class com/android/tools/r8/graph/p$a
Event: 924.020 loading class com/android/tools/r8/graph/p$a done
Event: 924.023 loading class com/android/tools/r8/graph/G0
Event: 924.023 loading class com/android/tools/r8/graph/G0 done
Event: 924.025 loading class com/android/tools/r8/z/a/a/a
Event: 924.025 loading class com/android/tools/r8/z/a/a/a done


Dynamic libraries:
0x00007ff6e8020000 - 0x00007ff6e802a000 	C:\Program Files\Android\Android Studio\jre\bin\java.exe
0x00007ffb93d30000 - 0x00007ffb93f25000 	C:\WINDOWS\SYSTEM32\ntdll.dll
0x00007ffb89340000 - 0x00007ffb89356000 	C:\Program Files\Avast Software\Avast\aswhook.dll
0x00007ffb91e20000 - 0x00007ffb91ede000 	C:\WINDOWS\System32\KERNEL32.DLL
0x00007ffb91530000 - 0x00007ffb917f8000 	C:\WINDOWS\System32\KERNELBASE.dll
0x00007ffb919a0000 - 0x00007ffb91aa0000 	C:\WINDOWS\System32\ucrtbase.dll
0x00007ffb4d360000 - 0x00007ffb4d377000 	C:\Program Files\Android\Android Studio\jre\bin\VCRUNTIME140.dll
0x00007ffb5c8c0000 - 0x00007ffb5c8d9000 	C:\Program Files\Android\Android Studio\jre\bin\jli.dll
0x00007ffb93460000 - 0x00007ffb93601000 	C:\WINDOWS\System32\USER32.dll
0x00007ffb91800000 - 0x00007ffb91822000 	C:\WINDOWS\System32\win32u.dll
0x00007ffb772d0000 - 0x00007ffb7756a000 	C:\WINDOWS\WinSxS\amd64_microsoft.windows.common-controls_6595b64144ccf1df_6.0.19041.1110_none_60b5254171f9507e\COMCTL32.dll
0x00007ffb93230000 - 0x00007ffb9325b000 	C:\WINDOWS\System32\GDI32.dll
0x00007ffb93050000 - 0x00007ffb930ee000 	C:\WINDOWS\System32\msvcrt.dll
0x00007ffb91b00000 - 0x00007ffb91c0d000 	C:\WINDOWS\System32\gdi32full.dll
0x00007ffb91440000 - 0x00007ffb914dd000 	C:\WINDOWS\System32\msvcp_win.dll
0x00007ffb92d30000 - 0x00007ffb92d60000 	C:\WINDOWS\System32\IMM32.DLL
0x00007ffb2abd0000 - 0x00007ffb2ac6d000 	C:\Program Files\Android\Android Studio\jre\bin\msvcp140.dll
0x00007ffb278e0000 - 0x00007ffb283af000 	C:\Program Files\Android\Android Studio\jre\bin\server\jvm.dll
0x00007ffb91ee0000 - 0x00007ffb91f8c000 	C:\WINDOWS\System32\ADVAPI32.dll
0x00007ffb92fb0000 - 0x00007ffb9304b000 	C:\WINDOWS\System32\sechost.dll
0x00007ffb93260000 - 0x00007ffb9338a000 	C:\WINDOWS\System32\RPCRT4.dll
0x00007ffb931c0000 - 0x00007ffb931c8000 	C:\WINDOWS\System32\PSAPI.DLL
0x00007ffb7e980000 - 0x00007ffb7e989000 	C:\WINDOWS\SYSTEM32\WSOCK32.dll
0x00007ffb8b4b0000 - 0x00007ffb8b4d7000 	C:\WINDOWS\SYSTEM32\WINMM.dll
0x00007ffb93150000 - 0x00007ffb931bb000 	C:\WINDOWS\System32\WS2_32.dll
0x00007ffb87890000 - 0x00007ffb8789a000 	C:\WINDOWS\SYSTEM32\VERSION.dll
0x00007ffb8f2f0000 - 0x00007ffb8f302000 	C:\WINDOWS\SYSTEM32\kernel.appcore.dll
0x00007ffb497f0000 - 0x00007ffb49801000 	C:\Program Files\Android\Android Studio\jre\bin\verify.dll
0x00007ffb86700000 - 0x00007ffb868e4000 	C:\WINDOWS\SYSTEM32\DBGHELP.DLL
0x00007ffb85ef0000 - 0x00007ffb85f1c000 	C:\WINDOWS\SYSTEM32\dbgcore.DLL
0x00007ffb91910000 - 0x00007ffb91992000 	C:\WINDOWS\System32\bcryptPrimitives.dll
0x00007ffb497a0000 - 0x00007ffb497c9000 	C:\Program Files\Android\Android Studio\jre\bin\java.dll
0x00007ffb87860000 - 0x00007ffb8786b000 	C:\Program Files\Android\Android Studio\jre\bin\jimage.dll
0x00007ffb49720000 - 0x00007ffb49738000 	C:\Program Files\Android\Android Studio\jre\bin\zip.dll
0x00007ffb91f90000 - 0x00007ffb926d4000 	C:\WINDOWS\System32\SHELL32.dll
0x00007ffb8f4f0000 - 0x00007ffb8fc84000 	C:\WINDOWS\SYSTEM32\windows.storage.dll
0x00007ffb926e0000 - 0x00007ffb92a35000 	C:\WINDOWS\System32\combase.dll
0x00007ffb90db0000 - 0x00007ffb90dde000 	C:\WINDOWS\SYSTEM32\Wldp.dll
0x00007ffb93b70000 - 0x00007ffb93c1d000 	C:\WINDOWS\System32\SHCORE.dll
0x00007ffb931d0000 - 0x00007ffb93225000 	C:\WINDOWS\System32\shlwapi.dll
0x00007ffb91380000 - 0x00007ffb9139f000 	C:\WINDOWS\SYSTEM32\profapi.dll
0x00007ffb35430000 - 0x00007ffb3544a000 	C:\Program Files\Android\Android Studio\jre\bin\net.dll
0x00007ffb8a8e0000 - 0x00007ffb8a9ec000 	C:\WINDOWS\SYSTEM32\WINHTTP.dll
0x00007ffb90b90000 - 0x00007ffb90bfa000 	C:\WINDOWS\system32\mswsock.dll
0x00007ffb35410000 - 0x00007ffb35424000 	C:\Program Files\Android\Android Studio\jre\bin\nio.dll
0x00007ffb5c890000 - 0x00007ffb5c8b6000 	C:\Users\UDAH PAUL\.gradle\native\fdc75f09e3144964f2cf3f50f0aa648679c211496f362492102eb8c894070792\windows-amd64\native-platform.dll
0x00007ffb26fb0000 - 0x00007ffb27141000 	C:\Users\UDAH PAUL\.gradle\native\12488b8bf47d2d4c9fbf2f6322a914ad602e24e48041cd04a747c6da556b65c4\windows-amd64\native-platform-file-events.dll
0x00007ffb8cd20000 - 0x00007ffb8cd2a000 	C:\Program Files\Android\Android Studio\jre\bin\management.dll
0x00007ffb69c30000 - 0x00007ffb69c3c000 	C:\Program Files\Android\Android Studio\jre\bin\management_ext.dll
0x00007ffb91140000 - 0x00007ffb91158000 	C:\WINDOWS\SYSTEM32\CRYPTSP.dll
0x00007ffb90460000 - 0x00007ffb90494000 	C:\WINDOWS\system32\rsaenh.dll
0x00007ffb91830000 - 0x00007ffb91857000 	C:\WINDOWS\System32\bcrypt.dll
0x00007ffb91300000 - 0x00007ffb9132e000 	C:\WINDOWS\SYSTEM32\USERENV.dll
0x00007ffb90d20000 - 0x00007ffb90d2c000 	C:\WINDOWS\SYSTEM32\CRYPTBASE.dll
0x00007ffb90830000 - 0x00007ffb9086b000 	C:\WINDOWS\SYSTEM32\IPHLPAPI.DLL
0x00007ffb92a40000 - 0x00007ffb92a48000 	C:\WINDOWS\System32\NSI.dll
0x00007ffb8a660000 - 0x00007ffb8a677000 	C:\WINDOWS\SYSTEM32\dhcpcsvc6.DLL
0x00007ffb8a290000 - 0x00007ffb8a2ad000 	C:\WINDOWS\SYSTEM32\dhcpcsvc.DLL
0x00007ffb90870000 - 0x00007ffb9093b000 	C:\WINDOWS\SYSTEM32\DNSAPI.dll
0x00007ffb8a680000 - 0x00007ffb8a68b000 	C:\WINDOWS\SYSTEM32\WINNSI.DLL
0x00007ffb65280000 - 0x00007ffb65288000 	C:\Program Files\Android\Android Studio\jre\bin\rmi.dll
0x00007ffb79910000 - 0x00007ffb79927000 	C:\WINDOWS\system32\napinsp.dll
0x00007ffb79bd0000 - 0x00007ffb79beb000 	C:\WINDOWS\system32\pnrpnsp.dll
0x00007ffb8aaa0000 - 0x00007ffb8aab5000 	C:\WINDOWS\system32\wshbth.dll
0x00007ffb8cb20000 - 0x00007ffb8cb3d000 	C:\WINDOWS\system32\NLAapi.dll
0x00007ffb79eb0000 - 0x00007ffb79ec2000 	C:\WINDOWS\System32\winrnr.dll
0x00007ffb878a0000 - 0x00007ffb878aa000 	C:\Windows\System32\rasadhlp.dll
0x00007ffb8a4b0000 - 0x00007ffb8a52f000 	C:\WINDOWS\System32\fwpuclnt.dll

dbghelp: loaded successfully - version: 4.0.5 - missing functions: none
symbol engine: initialized successfully - sym options: 0x614 - pdb path: .;C:\Program Files\Android\Android Studio\jre\bin;C:\WINDOWS\SYSTEM32;C:\Program Files\Avast Software\Avast;C:\WINDOWS\WinSxS\amd64_microsoft.windows.common-controls_6595b64144ccf1df_6.0.19041.1110_none_60b5254171f9507e;C:\Program Files\Android\Android Studio\jre\bin\server;C:\Users\UDAH PAUL\.gradle\native\fdc75f09e3144964f2cf3f50f0aa648679c211496f362492102eb8c894070792\windows-amd64;C:\Users\UDAH PAUL\.gradle\native\12488b8bf47d2d4c9fbf2f6322a914ad602e24e48041cd04a747c6da556b65c4\windows-amd64

VM Arguments:
jvm_args: --add-opens=java.base/java.util=ALL-UNNAMED --add-opens=java.base/java.lang=ALL-UNNAMED --add-opens=java.base/java.lang.invoke=ALL-UNNAMED --add-opens=java.prefs/java.util.prefs=ALL-UNNAMED -Xmx1536M -Dfile.encoding=windows-1252 -Duser.country=US -Duser.language=en -Duser.variant 
java_command: org.gradle.launcher.daemon.bootstrap.GradleDaemon 6.7
java_class_path (initial): C:\Users\UDAH PAUL\.gradle\wrapper\dists\gradle-6.7-all\cuy9mc7upwgwgeb72wkcrupxe\gradle-6.7\lib\gradle-launcher-6.7.jar
Launcher Type: SUN_STANDARD

[Global flags]
     intx CICompilerCount                          = 3                                         {product} {ergonomic}
     uint ConcGCThreads                            = 1                                         {product} {ergonomic}
     uint G1ConcRefinementThreads                  = 4                                         {product} {ergonomic}
   size_t G1HeapRegionSize                         = 1048576                                   {product} {ergonomic}
    uintx GCDrainStackTargetSize                   = 64                                        {product} {ergonomic}
   size_t InitialHeapSize                          = 134217728                                 {product} {ergonomic}
   size_t MarkStackSize                            = 4194304                                   {product} {ergonomic}
   size_t MaxHeapSize                              = 1610612736                                {product} {command line}
   size_t MaxNewSize                               = 965738496                                 {product} {ergonomic}
   size_t MinHeapDeltaBytes                        = 1048576                                   {product} {ergonomic}
    uintx NonNMethodCodeHeapSize                   = 5830732                                {pd product} {ergonomic}
    uintx NonProfiledCodeHeapSize                  = 122913754                              {pd product} {ergonomic}
    uintx ProfiledCodeHeapSize                     = 122913754                              {pd product} {ergonomic}
    uintx ReservedCodeCacheSize                    = 251658240                              {pd product} {ergonomic}
     bool SegmentedCodeCache                       = true                                      {product} {ergonomic}
     bool UseCompressedClassPointers               = true                                 {lp64_product} {ergonomic}
     bool UseCompressedOops                        = true                                 {lp64_product} {ergonomic}
     bool UseG1GC                                  = true                                      {product} {ergonomic}
     bool UseLargePagesIndividualAllocation        = false                                  {pd product} {ergonomic}

Logging:
Log output configuration:
 #0: stdout all=warning uptime,level,tags
 #1: stderr all=off uptime,level,tags

Environment Variables:
JAVA_HOME=C:\Program Files\Android\Android Studio\jre
CLASSPATH=C:\App_project\faith\android\\gradle\wrapper\gradle-wrapper.jar
PATH=C:\src\flutter\bin;C:\Windows\System32;C:\Windows\System32\WindowsPowerShell\v1.0\;C:\Program Files\Git\cmd;C:\Program Files\nodejs\;C:\Users\UDAH PAUL\AppData\Local\Programs\Python\Python310\Scripts\;C:\Users\UDAH PAUL\AppData\Local\Programs\Python\Python310\;C:\Users\UDAH PAUL\AppData\Local\Microsoft\WindowsApps;C:\Users\UDAH PAUL\AppData\Local\Programs\Microsoft VS Code\bin;C:\Program Files (x86)\Nmap;C:\src\flutter\bin;C:\Program Files\Java\jdk-14.0.1\bin;C:\Program Files\python-3.10.4-amd64.exe;C:\Users\UDAH PAUL\AppData\Roaming\npm;C:\Program Files\JetBrains\PhpStorm 2022.1.1\bin;;;C:\src\flutter\bin\mingit\cmd
USERNAME=UDAH PAUL
LANG=en_US.UTF-8
OS=Windows_NT
PROCESSOR_IDENTIFIER=Intel64 Family 6 Model 60 Stepping 3, GenuineIntel



---------------  S Y S T E M  ---------------

OS: Windows 10 , 64 bit Build 19041 (10.0.19041.1348)
OS uptime: 0 days 2:16 hours
Hyper-V role detected

CPU:total 4 (initial active 4) (2 cores per cpu, 2 threads per core) family 6 model 60 stepping 3 microcode 0x27, cmov, cx8, fxsr, mmx, sse, sse2, sse3, ssse3, sse4.1, sse4.2, popcnt, avx, avx2, aes, clmul, erms, lzcnt, ht, tsc, tscinvbit, bmi1, bmi2, fma

Memory: 4k page, system-wide physical 8105M (291M free)
TotalPageFile size 12201M (AvailPageFile size 8M)
current process WorkingSet (physical memory assigned to process): 368M, peak: 399M
current process commit charge ("private bytes"): 411M, peak: 443M

vm_info: OpenJDK 64-Bit Server VM (11.0.10+0-b96-7249189) for windows-amd64 JRE (11.0.10+0-b96-7249189), built on Mar 31 2021 21:44:00 by "builder" with MS VC++ 14.0 (VS2015)

END.
