#
# There is insufficient memory for the Java Runtime Environment to continue.
# Native memory allocation (malloc) failed to allocate 1048576 bytes for AllocateHeap
# Possible reasons:
#   The system is out of physical RAM or swap space
#   The process is running with CompressedOops enabled, and the Java Heap may be blocking the growth of the native heap
# Possible solutions:
#   Reduce memory load on the system
#   Increase physical memory or swap space
#   Check if swap backing store is full
#   Decrease Java heap size (-Xmx/-Xms)
#   Decrease number of Java threads
#   Decrease Java thread stack sizes (-Xss)
#   Set larger code cache with -XX:ReservedCodeCacheSize=
#   JVM is running with Unscaled Compressed Oops mode in which the Java heap is
#     placed in the first 4GB address space. The Java Heap base address is the
#     maximum limit for the native heap growth. Please use -XX:HeapBaseMinAddress
#     to set the Java Heap base and to place the Java Heap above 4GB virtual address.
# This output file may be truncated or incomplete.
#
#  Out of Memory Error (./src/hotspot/share/memory/allocation.cpp:46), pid=15228, tid=396
#
# JRE version: OpenJDK Runtime Environment (11.0.10) (build 11.0.10+0-b96-7249189)
# Java VM: OpenJDK 64-Bit Server VM (11.0.10+0-b96-7249189, mixed mode, tiered, compressed oops, g1 gc, windows-amd64)
# No core dump will be written. Minidumps are not enabled by default on client versions of Windows
#

---------------  S U M M A R Y ------------

Command Line: -Dorg.gradle.appname=gradlew org.gradle.wrapper.GradleWrapperMain -q -Ptarget-platform=android-arm64 -Ptarget=C:\App_project\faith\lib\main.dart -Pbase-application-name=android.app.Application -Pdart-defines=RkxVVFRFUl9XRUJfQVVUT19ERVRFQ1Q9dHJ1ZQ== -Pdart-obfuscation=false -Pextra-front-end-options=--no-sound-null-safety -Ptrack-widget-creation=true -Ptree-shake-icons=false -Pfilesystem-scheme=org-dartlang-root assembleDebug

Host: Intel(R) Core(TM) i5-4210M CPU @ 2.60GHz, 4 cores, 7G,  Windows 10 , 64 bit Build 19041 (10.0.19041.1348)
Time: Mon May  2 20:44:12 2022 W. Central Africa Standard Time elapsed time: 4.249191 seconds (0d 0h 0m 4s)

---------------  T H R E A D  ---------------

Current thread (0x000002eae2607000):  VMThread "VM Thread" [stack: 0x000000f77ab00000,0x000000f77ac00000] [id=396]

Stack: [0x000000f77ab00000,0x000000f77ac00000]
[error occurred during error reporting (printing stack bounds), id 0xc0000005, EXCEPTION_ACCESS_VIOLATION (0xc0000005) at pc=0x000002eacbe90f2d]

Native frames: (J=compiled Java code, j=interpreted, Vv=VM code, C=native code)
V  [jvm.dll+0x5ecfaa]
V  [jvm.dll+0x722bd5]
V  [jvm.dll+0x72412d]
V  [jvm.dll+0x724745]
V  [jvm.dll+0x7246fb]
V  [jvm.dll+0x5ec348]
V  [jvm.dll+0x5ecad8]
C  [ntdll.dll+0xa20cf]
C  [ntdll.dll+0x51454]
C  [ntdll.dll+0xa0bfe]
C  0x000002eacbe90f2d

VM_Operation (0x000000f77bcfd000): CollectForMetadataAllocation, mode: safepoint, requested by thread 0x000002eae30e7000


---------------  P R O C E S S  ---------------

Threads class SMR info:
_java_thread_list=0x000002eae4120c40, length=12, elements={
0x000002eac6a8c000, 0x000002eae260e000, 0x000002eae260f000, 0x000002eae262a000,
0x000002eae262c000, 0x000002eae262d800, 0x000002eae2630800, 0x000002eae2632000,
0x000002eae2638800, 0x000002eae30e3800, 0x000002eae30e4800, 0x000002eae30e7000
}

Java Threads: ( => current thread )
  0x000002eac6a8c000 JavaThread "main" [_thread_blocked, id=16920, stack(0x000000f77a500000,0x000000f77a600000)]
  0x000002eae260e000 JavaThread "Reference Handler" daemon [_thread_blocked, id=12136, stack(0x000000f77ac00000,0x000000f77ad00000)]
  0x000002eae260f000 JavaThread "Finalizer" daemon [_thread_blocked, id=14148, stack(0x000000f77ad00000,0x000000f77ae00000)]
  0x000002eae262a000 JavaThread "Signal Dispatcher" daemon [_thread_blocked, id=9004, stack(0x000000f77ae00000,0x000000f77af00000)]
  0x000002eae262c000 JavaThread "Attach Listener" daemon [_thread_blocked, id=14560, stack(0x000000f77af00000,0x000000f77b000000)]
  0x000002eae262d800 JavaThread "Service Thread" daemon [_thread_blocked, id=11024, stack(0x000000f77b000000,0x000000f77b100000)]
  0x000002eae2630800 JavaThread "C2 CompilerThread0" daemon [_thread_blocked, id=9452, stack(0x000000f77b100000,0x000000f77b200000)]
  0x000002eae2632000 JavaThread "C1 CompilerThread0" daemon [_thread_blocked, id=16856, stack(0x000000f77b200000,0x000000f77b300000)]
  0x000002eae2638800 JavaThread "Sweeper thread" daemon [_thread_blocked, id=14848, stack(0x000000f77b300000,0x000000f77b400000)]
  0x000002eae30e3800 JavaThread "Common-Cleaner" daemon [_thread_blocked, id=11100, stack(0x000000f77b500000,0x000000f77b600000)]
  0x000002eae30e4800 JavaThread "pool-1-thread-1" [_thread_blocked, id=10260, stack(0x000000f77b900000,0x000000f77ba00000)]
  0x000002eae30e7000 JavaThread "Exec process" [_thread_blocked, id=8572, stack(0x000000f77bc00000,0x000000f77bd00000)]

Other Threads:
=>0x000002eae2607000 VMThread "VM Thread" [stack: 0x000000f77ab00000,0x000000f77ac00000] [id=396]
  0x000002eae30d6800 WatcherThread [stack: 0x000000f77b400000,0x000000f77b500000] [id=2268]
  0x000002eac6b9a800 GCTaskThread "GC Thread#0" [stack: 0x000000f77a600000,0x000000f77a700000] [id=7732]
  0x000002eae3583800 GCTaskThread "GC Thread#1" [stack: 0x000000f77b700000,0x000000f77b800000] [id=15764]
  0x000002eae3833800 GCTaskThread "GC Thread#2" [stack: 0x000000f77b800000,0x000000f77b900000] [id=17100]
  0x000002eae3d69800 GCTaskThread "GC Thread#3" [stack: 0x000000f77ba00000,0x000000f77bb00000] [id=10156]
  0x000002eac6bcb800 ConcurrentGCThread "G1 Main Marker" [stack: 0x000000f77a700000,0x000000f77a800000] [id=11356]
  0x000002eac6bcd000 ConcurrentGCThread "G1 Conc#0" [stack: 0x000000f77a800000,0x000000f77a900000] [id=4388]
  0x000002eac6c5d800 ConcurrentGCThread "G1 Refine#0" [stack: 0x000000f77a900000,0x000000f77aa00000] [id=17388]
  0x000002eac6c5e800 ConcurrentGCThread "G1 Young RemSet Sampling" [stack: 0x000000f77aa00000,0x000000f77ab00000] [id=12836]

Threads with active compile tasks:

VM state:at safepoint (normal execution)

VM Mutex/Monitor currently owned by a thread:  ([mutex/lock_event])
[0x000002eac6b83be0] Threads_lock - owner thread: 0x000002eae2607000
[0x000002eac6b82cb0] Heap_lock - owner thread: 0x000002eae30e7000

Heap address: 0x0000000081400000, size: 2028 MB, Compressed Oops mode: 32-bit
Narrow klass base: 0x0000000000000000, Narrow klass shift: 3
Compressed class space size: 1073741824 Address: 0x0000000100000000

Heap:
 garbage-first heap   total 131072K, used 9131K [0x0000000081400000, 0x0000000100000000)
  region size 1024K, 2 young (2048K), 2 survivors (2048K)
 Metaspace       used 14245K, capacity 14504K, committed 14592K, reserved 1071104K
  class space    used 1636K, capacity 1752K, committed 1792K, reserved 1048576K
Heap Regions: E=young(eden), S=young(survivor), O=old, HS=humongous(starts), HC=humongous(continues), CS=collection set, F=free, A=archive, TAMS=top-at-mark-start (previous, next)
|   0|0x0000000081400000, 0x0000000081500000, 0x0000000081500000|100%| O|  |TAMS 0x0000000081400000, 0x0000000081500000| Untracked 
|   1|0x0000000081500000, 0x00000000815b5a00, 0x0000000081600000| 70%| O|  |TAMS 0x0000000081500000, 0x00000000815b5a00| Untracked 
|   2|0x0000000081600000, 0x0000000081600000, 0x0000000081700000|  0%| F|  |TAMS 0x0000000081600000, 0x0000000081600000| Untracked 
|   3|0x0000000081700000, 0x0000000081800000, 0x0000000081800000|100%|HS|  |TAMS 0x0000000081700000, 0x0000000081800000| Complete 
|   4|0x0000000081800000, 0x0000000081900000, 0x0000000081900000|100%|HC|  |TAMS 0x0000000081800000, 0x0000000081900000| Complete 
|   5|0x0000000081900000, 0x0000000081a00000, 0x0000000081a00000|100%|HC|  |TAMS 0x0000000081900000, 0x0000000081a00000| Complete 
|   6|0x0000000081a00000, 0x0000000081b00000, 0x0000000081b00000|100%| O|  |TAMS 0x0000000081a00000, 0x0000000081b00000| Untracked 
|   7|0x0000000081b00000, 0x0000000081c00000, 0x0000000081c00000|100%| O|  |TAMS 0x0000000081b00000, 0x0000000081c00000| Untracked 
|   8|0x0000000081c00000, 0x0000000081d00000, 0x0000000081d00000|100%| O|  |TAMS 0x0000000081c00000, 0x0000000081d00000| Untracked 
|   9|0x0000000081d00000, 0x0000000081d00000, 0x0000000081e00000|  0%| F|  |TAMS 0x0000000081d00000, 0x0000000081d00000| Untracked 
|  10|0x0000000081e00000, 0x0000000081e00000, 0x0000000081f00000|  0%| F|  |TAMS 0x0000000081e00000, 0x0000000081e00000| Untracked 
|  11|0x0000000081f00000, 0x0000000081f00000, 0x0000000082000000|  0%| F|  |TAMS 0x0000000081f00000, 0x0000000081f00000| Untracked 
|  12|0x0000000082000000, 0x0000000082000000, 0x0000000082100000|  0%| F|  |TAMS 0x0000000082000000, 0x0000000082000000| Untracked 
|  13|0x0000000082100000, 0x0000000082100000, 0x0000000082200000|  0%| F|  |TAMS 0x0000000082100000, 0x0000000082100000| Untracked 
|  14|0x0000000082200000, 0x0000000082200000, 0x0000000082300000|  0%| F|  |TAMS 0x0000000082200000, 0x0000000082200000| Untracked 
|  15|0x0000000082300000, 0x0000000082300000, 0x0000000082400000|  0%| F|  |TAMS 0x0000000082300000, 0x0000000082300000| Untracked 
|  16|0x0000000082400000, 0x0000000082400000, 0x0000000082500000|  0%| F|  |TAMS 0x0000000082400000, 0x0000000082400000| Untracked 
|  17|0x0000000082500000, 0x0000000082500000, 0x0000000082600000|  0%| F|  |TAMS 0x0000000082500000, 0x0000000082500000| Untracked 
|  18|0x0000000082600000, 0x0000000082600000, 0x0000000082700000|  0%| F|  |TAMS 0x0000000082600000, 0x0000000082600000| Untracked 
|  19|0x0000000082700000, 0x0000000082700000, 0x0000000082800000|  0%| F|  |TAMS 0x0000000082700000, 0x0000000082700000| Untracked 
|  20|0x0000000082800000, 0x0000000082800000, 0x0000000082900000|  0%| F|  |TAMS 0x0000000082800000, 0x0000000082800000| Untracked 
|  21|0x0000000082900000, 0x0000000082900000, 0x0000000082a00000|  0%| F|  |TAMS 0x0000000082900000, 0x0000000082900000| Untracked 
|  22|0x0000000082a00000, 0x0000000082a00000, 0x0000000082b00000|  0%| F|  |TAMS 0x0000000082a00000, 0x0000000082a00000| Untracked 
|  23|0x0000000082b00000, 0x0000000082b00000, 0x0000000082c00000|  0%| F|  |TAMS 0x0000000082b00000, 0x0000000082b00000| Untracked 
|  24|0x0000000082c00000, 0x0000000082c00000, 0x0000000082d00000|  0%| F|  |TAMS 0x0000000082c00000, 0x0000000082c00000| Untracked 
|  25|0x0000000082d00000, 0x0000000082d00000, 0x0000000082e00000|  0%| F|  |TAMS 0x0000000082d00000, 0x0000000082d00000| Untracked 
|  26|0x0000000082e00000, 0x0000000082e00000, 0x0000000082f00000|  0%| F|  |TAMS 0x0000000082e00000, 0x0000000082e00000| Untracked 
|  27|0x0000000082f00000, 0x0000000082f00000, 0x0000000083000000|  0%| F|  |TAMS 0x0000000082f00000, 0x0000000082f00000| Untracked 
|  28|0x0000000083000000, 0x0000000083000000, 0x0000000083100000|  0%| F|  |TAMS 0x0000000083000000, 0x0000000083000000| Untracked 
|  29|0x0000000083100000, 0x0000000083100000, 0x0000000083200000|  0%| F|  |TAMS 0x0000000083100000, 0x0000000083100000| Untracked 
|  30|0x0000000083200000, 0x0000000083200000, 0x0000000083300000|  0%| F|  |TAMS 0x0000000083200000, 0x0000000083200000| Untracked 
|  31|0x0000000083300000, 0x0000000083300000, 0x0000000083400000|  0%| F|  |TAMS 0x0000000083300000, 0x0000000083300000| Untracked 
|  32|0x0000000083400000, 0x0000000083400000, 0x0000000083500000|  0%| F|  |TAMS 0x0000000083400000, 0x0000000083400000| Untracked 
|  33|0x0000000083500000, 0x0000000083500000, 0x0000000083600000|  0%| F|  |TAMS 0x0000000083500000, 0x0000000083500000| Untracked 
|  34|0x0000000083600000, 0x0000000083600000, 0x0000000083700000|  0%| F|  |TAMS 0x0000000083600000, 0x0000000083600000| Untracked 
|  35|0x0000000083700000, 0x0000000083700000, 0x0000000083800000|  0%| F|  |TAMS 0x0000000083700000, 0x0000000083700000| Untracked 
|  36|0x0000000083800000, 0x0000000083800000, 0x0000000083900000|  0%| F|  |TAMS 0x0000000083800000, 0x0000000083800000| Untracked 
|  37|0x0000000083900000, 0x0000000083900000, 0x0000000083a00000|  0%| F|  |TAMS 0x0000000083900000, 0x0000000083900000| Untracked 
|  38|0x0000000083a00000, 0x0000000083a00000, 0x0000000083b00000|  0%| F|  |TAMS 0x0000000083a00000, 0x0000000083a00000| Untracked 
|  39|0x0000000083b00000, 0x0000000083b00000, 0x0000000083c00000|  0%| F|  |TAMS 0x0000000083b00000, 0x0000000083b00000| Untracked 
|  40|0x0000000083c00000, 0x0000000083c00000, 0x0000000083d00000|  0%| F|  |TAMS 0x0000000083c00000, 0x0000000083c00000| Untracked 
|  41|0x0000000083d00000, 0x0000000083d00000, 0x0000000083e00000|  0%| F|  |TAMS 0x0000000083d00000, 0x0000000083d00000| Untracked 
|  42|0x0000000083e00000, 0x0000000083e00000, 0x0000000083f00000|  0%| F|  |TAMS 0x0000000083e00000, 0x0000000083e00000| Untracked 
|  43|0x0000000083f00000, 0x0000000083f00000, 0x0000000084000000|  0%| F|  |TAMS 0x0000000083f00000, 0x0000000083f00000| Untracked 
|  44|0x0000000084000000, 0x0000000084000000, 0x0000000084100000|  0%| F|  |TAMS 0x0000000084000000, 0x0000000084000000| Untracked 
|  45|0x0000000084100000, 0x0000000084100000, 0x0000000084200000|  0%| F|  |TAMS 0x0000000084100000, 0x0000000084100000| Untracked 
|  46|0x0000000084200000, 0x0000000084200000, 0x0000000084300000|  0%| F|  |TAMS 0x0000000084200000, 0x0000000084200000| Untracked 
|  47|0x0000000084300000, 0x0000000084300000, 0x0000000084400000|  0%| F|  |TAMS 0x0000000084300000, 0x0000000084300000| Untracked 
|  48|0x0000000084400000, 0x0000000084400000, 0x0000000084500000|  0%| F|  |TAMS 0x0000000084400000, 0x0000000084400000| Untracked 
|  49|0x0000000084500000, 0x0000000084500000, 0x0000000084600000|  0%| F|  |TAMS 0x0000000084500000, 0x0000000084500000| Untracked 
|  50|0x0000000084600000, 0x0000000084600000, 0x0000000084700000|  0%| F|  |TAMS 0x0000000084600000, 0x0000000084600000| Untracked 
|  51|0x0000000084700000, 0x0000000084700000, 0x0000000084800000|  0%| F|  |TAMS 0x0000000084700000, 0x0000000084700000| Untracked 
|  52|0x0000000084800000, 0x0000000084800000, 0x0000000084900000|  0%| F|  |TAMS 0x0000000084800000, 0x0000000084800000| Untracked 
|  53|0x0000000084900000, 0x0000000084900000, 0x0000000084a00000|  0%| F|  |TAMS 0x0000000084900000, 0x0000000084900000| Untracked 
|  54|0x0000000084a00000, 0x0000000084a00000, 0x0000000084b00000|  0%| F|  |TAMS 0x0000000084a00000, 0x0000000084a00000| Untracked 
|  55|0x0000000084b00000, 0x0000000084b00000, 0x0000000084c00000|  0%| F|  |TAMS 0x0000000084b00000, 0x0000000084b00000| Untracked 
|  56|0x0000000084c00000, 0x0000000084c00000, 0x0000000084d00000|  0%| F|  |TAMS 0x0000000084c00000, 0x0000000084c00000| Untracked 
|  57|0x0000000084d00000, 0x0000000084d00000, 0x0000000084e00000|  0%| F|  |TAMS 0x0000000084d00000, 0x0000000084d00000| Untracked 
|  58|0x0000000084e00000, 0x0000000084e00000, 0x0000000084f00000|  0%| F|  |TAMS 0x0000000084e00000, 0x0000000084e00000| Untracked 
|  59|0x0000000084f00000, 0x0000000084f00000, 0x0000000085000000|  0%| F|  |TAMS 0x0000000084f00000, 0x0000000084f00000| Untracked 
|  60|0x0000000085000000, 0x0000000085000000, 0x0000000085100000|  0%| F|  |TAMS 0x0000000085000000, 0x0000000085000000| Untracked 
|  61|0x0000000085100000, 0x0000000085100000, 0x0000000085200000|  0%| F|  |TAMS 0x0000000085100000, 0x0000000085100000| Untracked 
|  62|0x0000000085200000, 0x0000000085200000, 0x0000000085300000|  0%| F|  |TAMS 0x0000000085200000, 0x0000000085200000| Untracked 
|  63|0x0000000085300000, 0x0000000085300000, 0x0000000085400000|  0%| F|  |TAMS 0x0000000085300000, 0x0000000085300000| Untracked 
|  64|0x0000000085400000, 0x0000000085400000, 0x0000000085500000|  0%| F|  |TAMS 0x0000000085400000, 0x0000000085400000| Untracked 
|  65|0x0000000085500000, 0x0000000085500000, 0x0000000085600000|  0%| F|  |TAMS 0x0000000085500000, 0x0000000085500000| Untracked 
|  66|0x0000000085600000, 0x0000000085600000, 0x0000000085700000|  0%| F|  |TAMS 0x0000000085600000, 0x0000000085600000| Untracked 
|  67|0x0000000085700000, 0x0000000085700000, 0x0000000085800000|  0%| F|  |TAMS 0x0000000085700000, 0x0000000085700000| Untracked 
|  68|0x0000000085800000, 0x0000000085800000, 0x0000000085900000|  0%| F|  |TAMS 0x0000000085800000, 0x0000000085800000| Untracked 
|  69|0x0000000085900000, 0x0000000085900000, 0x0000000085a00000|  0%| F|  |TAMS 0x0000000085900000, 0x0000000085900000| Untracked 
|  70|0x0000000085a00000, 0x0000000085a00000, 0x0000000085b00000|  0%| F|  |TAMS 0x0000000085a00000, 0x0000000085a00000| Untracked 
|  71|0x0000000085b00000, 0x0000000085b00000, 0x0000000085c00000|  0%| F|  |TAMS 0x0000000085b00000, 0x0000000085b00000| Untracked 
|  72|0x0000000085c00000, 0x0000000085c00000, 0x0000000085d00000|  0%| F|  |TAMS 0x0000000085c00000, 0x0000000085c00000| Untracked 
|  73|0x0000000085d00000, 0x0000000085d00000, 0x0000000085e00000|  0%| F|  |TAMS 0x0000000085d00000, 0x0000000085d00000| Untracked 
|  74|0x0000000085e00000, 0x0000000085e00000, 0x0000000085f00000|  0%| F|  |TAMS 0x0000000085e00000, 0x0000000085e00000| Untracked 
|  75|0x0000000085f00000, 0x0000000085f00000, 0x0000000086000000|  0%| F|  |TAMS 0x0000000085f00000, 0x0000000085f00000| Untracked 
|  76|0x0000000086000000, 0x0000000086000000, 0x0000000086100000|  0%| F|  |TAMS 0x0000000086000000, 0x0000000086000000| Untracked 
|  77|0x0000000086100000, 0x0000000086100000, 0x0000000086200000|  0%| F|  |TAMS 0x0000000086100000, 0x0000000086100000| Untracked 
|  78|0x0000000086200000, 0x0000000086200000, 0x0000000086300000|  0%| F|  |TAMS 0x0000000086200000, 0x0000000086200000| Untracked 
|  79|0x0000000086300000, 0x0000000086300000, 0x0000000086400000|  0%| F|  |TAMS 0x0000000086300000, 0x0000000086300000| Untracked 
|  80|0x0000000086400000, 0x0000000086400000, 0x0000000086500000|  0%| F|  |TAMS 0x0000000086400000, 0x0000000086400000| Untracked 
|  81|0x0000000086500000, 0x0000000086500000, 0x0000000086600000|  0%| F|  |TAMS 0x0000000086500000, 0x0000000086500000| Untracked 
|  82|0x0000000086600000, 0x0000000086600000, 0x0000000086700000|  0%| F|  |TAMS 0x0000000086600000, 0x0000000086600000| Untracked 
|  83|0x0000000086700000, 0x0000000086700000, 0x0000000086800000|  0%| F|  |TAMS 0x0000000086700000, 0x0000000086700000| Untracked 
|  84|0x0000000086800000, 0x0000000086800000, 0x0000000086900000|  0%| F|  |TAMS 0x0000000086800000, 0x0000000086800000| Untracked 
|  85|0x0000000086900000, 0x0000000086900000, 0x0000000086a00000|  0%| F|  |TAMS 0x0000000086900000, 0x0000000086900000| Untracked 
|  86|0x0000000086a00000, 0x0000000086a00000, 0x0000000086b00000|  0%| F|  |TAMS 0x0000000086a00000, 0x0000000086a00000| Untracked 
|  87|0x0000000086b00000, 0x0000000086b00000, 0x0000000086c00000|  0%| F|  |TAMS 0x0000000086b00000, 0x0000000086b00000| Untracked 
|  88|0x0000000086c00000, 0x0000000086c00000, 0x0000000086d00000|  0%| F|  |TAMS 0x0000000086c00000, 0x0000000086c00000| Untracked 
|  89|0x0000000086d00000, 0x0000000086d00000, 0x0000000086e00000|  0%| F|  |TAMS 0x0000000086d00000, 0x0000000086d00000| Untracked 
|  90|0x0000000086e00000, 0x0000000086e00000, 0x0000000086f00000|  0%| F|  |TAMS 0x0000000086e00000, 0x0000000086e00000| Untracked 
|  91|0x0000000086f00000, 0x0000000086f00000, 0x0000000087000000|  0%| F|  |TAMS 0x0000000086f00000, 0x0000000086f00000| Untracked 
|  92|0x0000000087000000, 0x0000000087000000, 0x0000000087100000|  0%| F|  |TAMS 0x0000000087000000, 0x0000000087000000| Untracked 
|  93|0x0000000087100000, 0x0000000087100000, 0x0000000087200000|  0%| F|  |TAMS 0x0000000087100000, 0x0000000087100000| Untracked 
|  94|0x0000000087200000, 0x0000000087200000, 0x0000000087300000|  0%| F|  |TAMS 0x0000000087200000, 0x0000000087200000| Untracked 
|  95|0x0000000087300000, 0x0000000087300000, 0x0000000087400000|  0%| F|  |TAMS 0x0000000087300000, 0x0000000087300000| Untracked 
|  96|0x0000000087400000, 0x0000000087400000, 0x0000000087500000|  0%| F|  |TAMS 0x0000000087400000, 0x0000000087400000| Untracked 
|  97|0x0000000087500000, 0x0000000087500000, 0x0000000087600000|  0%| F|  |TAMS 0x0000000087500000, 0x0000000087500000| Untracked 
|  98|0x0000000087600000, 0x0000000087600000, 0x0000000087700000|  0%| F|  |TAMS 0x0000000087600000, 0x0000000087600000| Untracked 
|  99|0x0000000087700000, 0x0000000087700000, 0x0000000087800000|  0%| F|  |TAMS 0x0000000087700000, 0x0000000087700000| Untracked 
| 100|0x0000000087800000, 0x0000000087800000, 0x0000000087900000|  0%| F|  |TAMS 0x0000000087800000, 0x0000000087800000| Untracked 
| 101|0x0000000087900000, 0x0000000087900000, 0x0000000087a00000|  0%| F|  |TAMS 0x0000000087900000, 0x0000000087900000| Untracked 
| 102|0x0000000087a00000, 0x0000000087a00000, 0x0000000087b00000|  0%| F|  |TAMS 0x0000000087a00000, 0x0000000087a00000| Untracked 
| 103|0x0000000087b00000, 0x0000000087b00000, 0x0000000087c00000|  0%| F|  |TAMS 0x0000000087b00000, 0x0000000087b00000| Untracked 
| 104|0x0000000087c00000, 0x0000000087c00000, 0x0000000087d00000|  0%| F|  |TAMS 0x0000000087c00000, 0x0000000087c00000| Untracked 
| 105|0x0000000087d00000, 0x0000000087d00000, 0x0000000087e00000|  0%| F|  |TAMS 0x0000000087d00000, 0x0000000087d00000| Untracked 
| 106|0x0000000087e00000, 0x0000000087e00000, 0x0000000087f00000|  0%| F|  |TAMS 0x0000000087e00000, 0x0000000087e00000| Untracked 
| 107|0x0000000087f00000, 0x0000000087f00000, 0x0000000088000000|  0%| F|  |TAMS 0x0000000087f00000, 0x0000000087f00000| Untracked 
| 108|0x0000000088000000, 0x0000000088000000, 0x0000000088100000|  0%| F|  |TAMS 0x0000000088000000, 0x0000000088000000| Untracked 
| 109|0x0000000088100000, 0x0000000088100000, 0x0000000088200000|  0%| F|  |TAMS 0x0000000088100000, 0x0000000088100000| Untracked 
| 110|0x0000000088200000, 0x0000000088200000, 0x0000000088300000|  0%| F|  |TAMS 0x0000000088200000, 0x0000000088200000| Untracked 
| 111|0x0000000088300000, 0x0000000088335580, 0x0000000088400000| 20%| S|CS|TAMS 0x0000000088300000, 0x0000000088300000| Complete 
| 112|0x0000000088400000, 0x0000000088500000, 0x0000000088500000|100%| S|CS|TAMS 0x0000000088400000, 0x0000000088400000| Complete 
| 113|0x0000000088500000, 0x0000000088500000, 0x0000000088600000|  0%| F|  |TAMS 0x0000000088500000, 0x0000000088500000| Untracked 
| 114|0x0000000088600000, 0x0000000088600000, 0x0000000088700000|  0%| F|  |TAMS 0x0000000088600000, 0x0000000088600000| Untracked 
| 115|0x0000000088700000, 0x0000000088700000, 0x0000000088800000|  0%| F|  |TAMS 0x0000000088700000, 0x0000000088700000| Untracked 
| 116|0x0000000088800000, 0x0000000088800000, 0x0000000088900000|  0%| F|  |TAMS 0x0000000088800000, 0x0000000088800000| Untracked 
| 117|0x0000000088900000, 0x0000000088900000, 0x0000000088a00000|  0%| F|  |TAMS 0x0000000088900000, 0x0000000088900000| Untracked 
| 118|0x0000000088a00000, 0x0000000088a00000, 0x0000000088b00000|  0%| F|  |TAMS 0x0000000088a00000, 0x0000000088a00000| Untracked 
| 119|0x0000000088b00000, 0x0000000088b00000, 0x0000000088c00000|  0%| F|  |TAMS 0x0000000088b00000, 0x0000000088b00000| Untracked 
| 120|0x0000000088c00000, 0x0000000088c00000, 0x0000000088d00000|  0%| F|  |TAMS 0x0000000088c00000, 0x0000000088c00000| Untracked 
| 121|0x0000000088d00000, 0x0000000088d00000, 0x0000000088e00000|  0%| F|  |TAMS 0x0000000088d00000, 0x0000000088d00000| Untracked 
| 122|0x0000000088e00000, 0x0000000088e00000, 0x0000000088f00000|  0%| F|  |TAMS 0x0000000088e00000, 0x0000000088e00000| Untracked 
| 123|0x0000000088f00000, 0x0000000088f00000, 0x0000000089000000|  0%| F|  |TAMS 0x0000000088f00000, 0x0000000088f00000| Untracked 
| 124|0x0000000089000000, 0x0000000089000000, 0x0000000089100000|  0%| F|  |TAMS 0x0000000089000000, 0x0000000089000000| Untracked 
| 125|0x0000000089100000, 0x0000000089100000, 0x0000000089200000|  0%| F|  |TAMS 0x0000000089100000, 0x0000000089100000| Untracked 
| 126|0x0000000089200000, 0x0000000089200000, 0x0000000089300000|  0%| F|  |TAMS 0x0000000089200000, 0x0000000089200000| Untracked 
| 127|0x0000000089300000, 0x0000000089300000, 0x0000000089400000|  0%| F|  |TAMS 0x0000000089300000, 0x0000000089300000| Untracked 

Card table byte_map: [0x000002eadb8b0000,0x000002eadbcb0000] _byte_map_base: 0x000002eadb4a6000

Marking Bits (Prev, Next): (CMBitMap*) 0x000002eac6bc2aa8, (CMBitMap*) 0x000002eac6bc2ae0
 Prev Bits: [0x000002eadc0b0000, 0x000002eade060000)
 Next Bits: [0x000002eade060000, 0x000002eae0010000)

Polling page: 0x000002eac6960000

Metaspace:

Usage:
  Non-class:     12.45 MB capacity,    12.31 MB ( 99%) used,   125.16 KB ( <1%) free+waste,    18.31 KB ( <1%) overhead. 
      Class:      1.71 MB capacity,     1.60 MB ( 93%) used,   106.48 KB (  6%) free+waste,     9.00 KB ( <1%) overhead. 
       Both:     14.16 MB capacity,    13.91 MB ( 98%) used,   231.64 KB (  2%) free+waste,    27.31 KB ( <1%) overhead. 

Virtual space:
  Non-class space:       22.00 MB reserved,      12.50 MB ( 57%) committed 
      Class space:        1.00 GB reserved,       1.75 MB ( <1%) committed 
             Both:        1.02 GB reserved,      14.25 MB (  1%) committed 

Chunk freelists:
   Non-Class:  48.00 KB
       Class:  8.00 KB
        Both:  56.00 KB

MaxMetaspaceSize: 17179869184.00 GB
CompressedClassSpaceSize: 1.00 GB

CodeHeap 'non-profiled nmethods': size=120064Kb used=397Kb max_used=397Kb free=119666Kb
 bounds [0x000002ead3950000, 0x000002ead3bc0000, 0x000002eadae90000]
CodeHeap 'profiled nmethods': size=120000Kb used=2244Kb max_used=2244Kb free=117755Kb
 bounds [0x000002eacc420000, 0x000002eacc690000, 0x000002ead3950000]
CodeHeap 'non-nmethods': size=5696Kb used=1091Kb max_used=1107Kb free=4604Kb
 bounds [0x000002eacbe90000, 0x000002eacc100000, 0x000002eacc420000]
 total_blobs=1576 nmethods=1171 adapters=317
 compilation: enabled
              stopped_count=0, restarted_count=0
 full_count=0

Compilation events (20 events):
Event: 4.194 Thread 0x000002eae2632000 1162       1       org.gradle.internal.io.StreamByteBuffer::access$000 (5 bytes)
Event: 4.194 Thread 0x000002eae2632000 nmethod 1162 0x000002ead39b3190 code [0x000002ead39b3340, 0x000002ead39b33d8]
Event: 4.194 Thread 0x000002eae2632000 1165       3       org.gradle.internal.io.StreamByteBuffer::allocateSpace (73 bytes)
Event: 4.195 Thread 0x000002eae2632000 nmethod 1165 0x000002eacc64db10 code [0x000002eacc64dd20, 0x000002eacc64e468]
Event: 4.195 Thread 0x000002eae2632000 1166       3       org.gradle.internal.io.StreamByteBuffer$StreamByteBufferChunk::spaceLeft (10 bytes)
Event: 4.195 Thread 0x000002eae2632000 nmethod 1166 0x000002eacc64e710 code [0x000002eacc64e8c0, 0x000002eacc64e9b8]
Event: 4.195 Thread 0x000002eae2632000 1167       3       org.gradle.internal.io.StreamByteBuffer$StreamByteBufferChunk::write (32 bytes)
Event: 4.195 Thread 0x000002eae2632000 nmethod 1167 0x000002eacc64ea90 code [0x000002eacc64ec40, 0x000002eacc64edd8]
Event: 4.195 Thread 0x000002eae2632000 1163       3       org.gradle.internal.stream.EncodedStream::access$000 (4 bytes)
Event: 4.195 Thread 0x000002eae2632000 nmethod 1163 0x000002eacc64ee90 code [0x000002eacc64f040, 0x000002eacc64f138]
Event: 4.195 Thread 0x000002eae2632000 1164       3       org.gradle.internal.io.StreamByteBuffer$StreamByteBufferOutputStream::write (22 bytes)
Event: 4.195 Thread 0x000002eae2632000 nmethod 1164 0x000002eacc64f210 code [0x000002eacc64f3e0, 0x000002eacc64f648]
Event: 4.195 Thread 0x000002eae2632000 1168       3       org.gradle.internal.stream.EncodedStream$EncodedOutput::write (33 bytes)
Event: 4.195 Thread 0x000002eae2632000 nmethod 1168 0x000002eacc64f810 code [0x000002eacc64fa00, 0x000002eacc64fdb8]
Event: 4.201 Thread 0x000002eae2632000 1169       3       java.lang.CharacterDataLatin1::digit (32 bytes)
Event: 4.202 Thread 0x000002eae2632000 nmethod 1169 0x000002eacc64ff90 code [0x000002eacc650140, 0x000002eacc650378]
Event: 4.223 Thread 0x000002eae2632000 1170       3       java.lang.ProcessEnvironment$CheckedEntrySet$1::hasNext (10 bytes)
Event: 4.223 Thread 0x000002eae2632000 nmethod 1170 0x000002eacc650490 code [0x000002eacc650640, 0x000002eacc650808]
Event: 4.223 Thread 0x000002eae2632000 1171       3       java.lang.ProcessEnvironment$CheckedEntrySet$1::next (5 bytes)
Event: 4.224 Thread 0x000002eae2632000 nmethod 1171 0x000002eacc650910 code [0x000002eacc650b00, 0x000002eacc650fa8]

GC Heap History (6 events):
Event: 1.111 GC heap before
{Heap before GC invocations=0 (full 0):
 garbage-first heap   total 131072K, used 19456K [0x0000000081400000, 0x0000000100000000)
  region size 1024K, 14 young (14336K), 0 survivors (0K)
 Metaspace       used 8068K, capacity 8273K, committed 8576K, reserved 1056768K
  class space    used 731K, capacity 818K, committed 896K, reserved 1048576K
}
Event: 1.142 GC heap after
{Heap after GC invocations=1 (full 0):
 garbage-first heap   total 131072K, used 7844K [0x0000000081400000, 0x0000000100000000)
  region size 1024K, 2 young (2048K), 2 survivors (2048K)
 Metaspace       used 8068K, capacity 8273K, committed 8576K, reserved 1056768K
  class space    used 731K, capacity 818K, committed 896K, reserved 1048576K
}
Event: 1.700 GC heap before
{Heap before GC invocations=1 (full 0):
 garbage-first heap   total 131072K, used 18084K [0x0000000081400000, 0x0000000100000000)
  region size 1024K, 12 young (12288K), 2 survivors (2048K)
 Metaspace       used 11096K, capacity 11334K, committed 11520K, reserved 1058816K
  class space    used 1198K, capacity 1268K, committed 1280K, reserved 1048576K
}
Event: 1.720 GC heap after
{Heap after GC invocations=2 (full 0):
 garbage-first heap   total 131072K, used 8590K [0x0000000081400000, 0x0000000100000000)
  region size 1024K, 1 young (1024K), 1 survivors (1024K)
 Metaspace       used 11096K, capacity 11334K, committed 11520K, reserved 1058816K
  class space    used 1198K, capacity 1268K, committed 1280K, reserved 1048576K
}
Event: 4.228 GC heap before
{Heap before GC invocations=2 (full 0):
 garbage-first heap   total 131072K, used 21902K [0x0000000081400000, 0x0000000100000000)
  region size 1024K, 15 young (15360K), 1 survivors (1024K)
 Metaspace       used 14245K, capacity 14504K, committed 14592K, reserved 1069056K
  class space    used 1636K, capacity 1752K, committed 1792K, reserved 1048576K
}
Event: 4.245 GC heap after
{Heap after GC invocations=3 (full 0):
 garbage-first heap   total 131072K, used 9131K [0x0000000081400000, 0x0000000100000000)
  region size 1024K, 2 young (2048K), 2 survivors (2048K)
 Metaspace       used 14245K, capacity 14504K, committed 14592K, reserved 1069056K
  class space    used 1636K, capacity 1752K, committed 1792K, reserved 1048576K
}

Deoptimization events (20 events):
Event: 4.163 Thread 0x000002eac6a8c000 DEOPT PACKING pc=0x000002eacc4c0751 sp=0x000000f77a5fd160
Event: 4.163 Thread 0x000002eac6a8c000 DEOPT UNPACKING pc=0x000002eacbeb76ce sp=0x000000f77a5fc628 mode 0
Event: 4.164 Thread 0x000002eac6a8c000 DEOPT PACKING pc=0x000002eacc4c0751 sp=0x000000f77a5fd160
Event: 4.164 Thread 0x000002eac6a8c000 DEOPT UNPACKING pc=0x000002eacbeb76ce sp=0x000000f77a5fc628 mode 0
Event: 4.165 Thread 0x000002eac6a8c000 DEOPT PACKING pc=0x000002eacc4c0751 sp=0x000000f77a5fd160
Event: 4.165 Thread 0x000002eac6a8c000 DEOPT UNPACKING pc=0x000002eacbeb76ce sp=0x000000f77a5fc628 mode 0
Event: 4.166 Thread 0x000002eac6a8c000 DEOPT PACKING pc=0x000002eacc4c0751 sp=0x000000f77a5fd180
Event: 4.166 Thread 0x000002eac6a8c000 DEOPT UNPACKING pc=0x000002eacbeb76ce sp=0x000000f77a5fc648 mode 0
Event: 4.167 Thread 0x000002eac6a8c000 DEOPT PACKING pc=0x000002eacc4c0751 sp=0x000000f77a5fd180
Event: 4.167 Thread 0x000002eac6a8c000 DEOPT UNPACKING pc=0x000002eacbeb76ce sp=0x000000f77a5fc648 mode 0
Event: 4.167 Thread 0x000002eac6a8c000 DEOPT PACKING pc=0x000002eacc4c0751 sp=0x000000f77a5fd180
Event: 4.167 Thread 0x000002eac6a8c000 DEOPT UNPACKING pc=0x000002eacbeb76ce sp=0x000000f77a5fc648 mode 0
Event: 4.168 Thread 0x000002eac6a8c000 DEOPT PACKING pc=0x000002eacc4c0751 sp=0x000000f77a5fd180
Event: 4.168 Thread 0x000002eac6a8c000 DEOPT UNPACKING pc=0x000002eacbeb76ce sp=0x000000f77a5fc648 mode 0
Event: 4.169 Thread 0x000002eac6a8c000 DEOPT PACKING pc=0x000002eacc4c0751 sp=0x000000f77a5fd180
Event: 4.169 Thread 0x000002eac6a8c000 DEOPT UNPACKING pc=0x000002eacbeb76ce sp=0x000000f77a5fc648 mode 0
Event: 4.170 Thread 0x000002eac6a8c000 DEOPT PACKING pc=0x000002eacc4c0751 sp=0x000000f77a5fcb50
Event: 4.170 Thread 0x000002eac6a8c000 DEOPT UNPACKING pc=0x000002eacbeb76ce sp=0x000000f77a5fc018 mode 0
Event: 4.170 Thread 0x000002eac6a8c000 DEOPT PACKING pc=0x000002eacc4c0751 sp=0x000000f77a5fd180
Event: 4.170 Thread 0x000002eac6a8c000 DEOPT UNPACKING pc=0x000002eacbeb76ce sp=0x000000f77a5fc648 mode 0

Classes redefined (0 events):
No events

Internal exceptions (10 events):
Event: 0.260 Thread 0x000002eac6a8c000 Exception <a 'java/lang/NoSuchMethodError'{0x0000000089287258}: 'int java.lang.invoke.DirectMethodHandle$Holder.invokeSpecialIFC(java.lang.Object, java.lang.Object, int)'> (0x0000000089287258) thrown at [./src/hotspot/share/interpreter/linkResolver.cpp, line 773]
Event: 0.377 Thread 0x000002eac6a8c000 Exception <a 'java/lang/NoSuchMethodError'{0x00000000890144b0}: 'int java.lang.invoke.DirectMethodHandle$Holder.invokeStaticInit(java.lang.Object, java.lang.Object)'> (0x00000000890144b0) thrown at [./src/hotspot/share/interpreter/linkResolver.cpp, line 773]
Event: 0.466 Thread 0x000002eac6a8c000 Exception <a 'java/lang/NoSuchMethodError'{0x00000000890d3c98}: 'int java.lang.invoke.DirectMethodHandle$Holder.invokeSpecial(java.lang.Object, java.lang.Object, java.lang.Object, java.lang.Object)'> (0x00000000890d3c98) thrown at [./src/hotspot/share/interpreter/linkResolver.cpp, line 773]
Event: 1.497 Thread 0x000002eac6a8c000 Exception <a 'java/lang/NoClassDefFoundError'{0x0000000088e60968}: org/slf4j/impl/StaticMarkerBinder> (0x0000000088e60968) thrown at [./src/hotspot/share/classfile/systemDictionary.cpp, line 220]
Event: 1.513 Thread 0x000002eac6a8c000 Exception <a 'java/lang/NoSuchMethodError'{0x0000000088efb340}: 'java.lang.Object java.lang.invoke.DirectMethodHandle$Holder.invokeVirtual(java.lang.Object, java.lang.Object, java.lang.Object, java.lang.Object, java.lang.Object)'> (0x0000000088efb340) thrown at [./src/hotspot/share/interpreter/linkResolver.cpp, line 773]
Event: 1.682 Thread 0x000002eac6a8c000 Exception <a 'java/lang/NoSuchMethodError'{0x0000000088a9a180}: 'java.lang.Object java.lang.invoke.Invokers$Holder.invoker(java.lang.Object, java.lang.Object, java.lang.Object, java.lang.Object, java.lang.Object)'> (0x0000000088a9a180) thrown at [./src/hotspot/share/interpreter/linkResolver.cpp, line 773]
Event: 1.685 Thread 0x000002eac6a8c000 Exception <a 'java/lang/NoSuchMethodError'{0x0000000088aaaee8}: 'void java.lang.invoke.DelegatingMethodHandle$Holder.delegate(java.lang.Object, java.lang.Object, int, java.lang.Object)'> (0x0000000088aaaee8) thrown at [./src/hotspot/share/interpreter/linkResolver.cpp, line 773]
Event: 1.877 Thread 0x000002eac6a8c000 Exception <a 'java/lang/NoSuchMethodError'{0x0000000089033e10}: 'java.lang.Object java.lang.invoke.DirectMethodHandle$Holder.invokeStaticInit(java.lang.Object, java.lang.Object, java.lang.Object)'> (0x0000000089033e10) thrown at [./src/hotspot/share/interpreter/linkResolver.cpp, line 773]
Event: 2.065 Thread 0x000002eac6a8c000 Exception <a 'java/lang/NoSuchMethodError'{0x0000000088c30e70}: 'java.lang.Object java.lang.invoke.DirectMethodHandle$Holder.invokeStaticInit(java.lang.Object, int, int, int, int)'> (0x0000000088c30e70) thrown at [./src/hotspot/share/interpreter/linkResolver.cpp, line 773]
Event: 2.881 Thread 0x000002eac6a8c000 Exception <a 'java/lang/NoSuchMethodError'{0x0000000088b090d0}: 'java.lang.Object java.lang.invoke.DirectMethodHandle$Holder.invokeStaticInit(java.lang.Object, java.lang.Object, int, int, int, int)'> (0x0000000088b090d0) thrown at [./src/hotspot/share/interpreter/linkResolver.cpp, line 773]

Events (20 events):
Event: 4.224 Executing VM operation: RevokeBias done
Event: 4.224 Executing VM operation: RevokeBias
Event: 4.224 Executing VM operation: RevokeBias done
Event: 4.224 Executing VM operation: RevokeBias
Event: 4.224 Executing VM operation: RevokeBias done
Event: 4.224 Executing VM operation: RevokeBias
Event: 4.224 Executing VM operation: RevokeBias done
Event: 4.224 Executing VM operation: RevokeBias
Event: 4.224 Executing VM operation: RevokeBias done
Event: 4.225 Executing VM operation: BulkRevokeBias
Event: 4.225 Executing VM operation: BulkRevokeBias done
Event: 4.225 Executing VM operation: RevokeBias
Event: 4.225 Executing VM operation: RevokeBias done
Event: 4.225 Executing VM operation: RevokeBias
Event: 4.225 Executing VM operation: RevokeBias done
Event: 4.225 Executing VM operation: RevokeBias
Event: 4.225 Executing VM operation: RevokeBias done
Event: 4.225 loading class java/lang/ProcessImpl
Event: 4.226 loading class java/lang/Process
Event: 4.228 Executing VM operation: CollectForMetadataAllocation


Dynamic libraries:
0x00007ff60a810000 - 0x00007ff60a81a000 	C:\Program Files\Android\Android Studio\jre\bin\java.exe
0x00007ffb6d670000 - 0x00007ffb6d865000 	C:\WINDOWS\SYSTEM32\ntdll.dll
0x00007ffb64990000 - 0x00007ffb649a6000 	C:\Program Files\Avast Software\Avast\aswhook.dll
0x00007ffb6d570000 - 0x00007ffb6d62e000 	C:\WINDOWS\System32\KERNEL32.DLL
0x00007ffb6b060000 - 0x00007ffb6b328000 	C:\WINDOWS\System32\KERNELBASE.dll
0x00007ffb6aee0000 - 0x00007ffb6afe0000 	C:\WINDOWS\System32\ucrtbase.dll
0x00007ffb66700000 - 0x00007ffb66719000 	C:\Program Files\Android\Android Studio\jre\bin\jli.dll
0x00007ffb63a30000 - 0x00007ffb63a47000 	C:\Program Files\Android\Android Studio\jre\bin\VCRUNTIME140.dll
0x00007ffb6cd50000 - 0x00007ffb6cef1000 	C:\WINDOWS\System32\USER32.dll
0x00007ffb6b680000 - 0x00007ffb6b6a2000 	C:\WINDOWS\System32\win32u.dll
0x00007ffb54f30000 - 0x00007ffb551ca000 	C:\WINDOWS\WinSxS\amd64_microsoft.windows.common-controls_6595b64144ccf1df_6.0.19041.1110_none_60b5254171f9507e\COMCTL32.dll
0x00007ffb6d320000 - 0x00007ffb6d34b000 	C:\WINDOWS\System32\GDI32.dll
0x00007ffb6b820000 - 0x00007ffb6b8be000 	C:\WINDOWS\System32\msvcrt.dll
0x00007ffb6b3c0000 - 0x00007ffb6b4cd000 	C:\WINDOWS\System32\gdi32full.dll
0x00007ffb6b4d0000 - 0x00007ffb6b56d000 	C:\WINDOWS\System32\msvcp_win.dll
0x00007ffb6d1b0000 - 0x00007ffb6d1e0000 	C:\WINDOWS\System32\IMM32.DLL
0x00007ffb40a10000 - 0x00007ffb40aad000 	C:\Program Files\Android\Android Studio\jre\bin\msvcp140.dll
0x00007ffb2f760000 - 0x00007ffb3022f000 	C:\Program Files\Android\Android Studio\jre\bin\server\jvm.dll
0x00007ffb6cca0000 - 0x00007ffb6cd4c000 	C:\WINDOWS\System32\ADVAPI32.dll
0x00007ffb6c0f0000 - 0x00007ffb6c18b000 	C:\WINDOWS\System32\sechost.dll
0x00007ffb6d1f0000 - 0x00007ffb6d31a000 	C:\WINDOWS\System32\RPCRT4.dll
0x00007ffb6cf00000 - 0x00007ffb6cf08000 	C:\WINDOWS\System32\PSAPI.DLL
0x00007ffb5a180000 - 0x00007ffb5a189000 	C:\WINDOWS\SYSTEM32\WSOCK32.dll
0x00007ffb55270000 - 0x00007ffb55297000 	C:\WINDOWS\SYSTEM32\WINMM.dll
0x00007ffb6c080000 - 0x00007ffb6c0eb000 	C:\WINDOWS\System32\WS2_32.dll
0x00007ffb612f0000 - 0x00007ffb612fa000 	C:\WINDOWS\SYSTEM32\VERSION.dll
0x00007ffb68b50000 - 0x00007ffb68b62000 	C:\WINDOWS\SYSTEM32\kernel.appcore.dll
0x00007ffb55f10000 - 0x00007ffb55f21000 	C:\Program Files\Android\Android Studio\jre\bin\verify.dll
0x00007ffb5fc50000 - 0x00007ffb5fe34000 	C:\WINDOWS\SYSTEM32\DBGHELP.DLL
0x00007ffb5fad0000 - 0x00007ffb5fafc000 	C:\WINDOWS\SYSTEM32\dbgcore.DLL
0x00007ffb6b330000 - 0x00007ffb6b3b2000 	C:\WINDOWS\System32\bcryptPrimitives.dll
0x00007ffb49da0000 - 0x00007ffb49dc9000 	C:\Program Files\Android\Android Studio\jre\bin\java.dll
0x00007ffb68620000 - 0x00007ffb6862b000 	C:\Program Files\Android\Android Studio\jre\bin\jimage.dll
0x00007ffb4d2a0000 - 0x00007ffb4d2b8000 	C:\Program Files\Android\Android Studio\jre\bin\zip.dll
0x00007ffb6c4f0000 - 0x00007ffb6cc34000 	C:\WINDOWS\System32\SHELL32.dll
0x00007ffb68e30000 - 0x00007ffb695c4000 	C:\WINDOWS\SYSTEM32\windows.storage.dll
0x00007ffb6c190000 - 0x00007ffb6c4e5000 	C:\WINDOWS\System32\combase.dll
0x00007ffb6a6f0000 - 0x00007ffb6a71e000 	C:\WINDOWS\SYSTEM32\Wldp.dll
0x00007ffb6b920000 - 0x00007ffb6b9cd000 	C:\WINDOWS\System32\SHCORE.dll
0x00007ffb6b8c0000 - 0x00007ffb6b915000 	C:\WINDOWS\System32\shlwapi.dll
0x00007ffb6acc0000 - 0x00007ffb6acdf000 	C:\WINDOWS\SYSTEM32\profapi.dll
0x00007ffb49d80000 - 0x00007ffb49d9a000 	C:\Program Files\Android\Android Studio\jre\bin\net.dll
0x00007ffb637a0000 - 0x00007ffb638ac000 	C:\WINDOWS\SYSTEM32\WINHTTP.dll
0x00007ffb6a4d0000 - 0x00007ffb6a53a000 	C:\WINDOWS\system32\mswsock.dll
0x00007ffb49bc0000 - 0x00007ffb49bd4000 	C:\Program Files\Android\Android Studio\jre\bin\nio.dll
0x00007ffb49b90000 - 0x00007ffb49bb6000 	C:\Users\UDAH PAUL\.gradle\native\fdc75f09e3144964f2cf3f50f0aa648679c211496f362492102eb8c894070792\windows-amd64\native-platform.dll
0x00007ffb376a0000 - 0x00007ffb37831000 	C:\Users\UDAH PAUL\.gradle\native\12488b8bf47d2d4c9fbf2f6322a914ad602e24e48041cd04a747c6da556b65c4\windows-amd64\native-platform-file-events.dll
0x00007ffb66830000 - 0x00007ffb6683a000 	C:\Program Files\Android\Android Studio\jre\bin\management.dll
0x00007ffb63ae0000 - 0x00007ffb63aec000 	C:\Program Files\Android\Android Studio\jre\bin\management_ext.dll
0x00007ffb6aa90000 - 0x00007ffb6aaa8000 	C:\WINDOWS\SYSTEM32\CRYPTSP.dll
0x00007ffb69da0000 - 0x00007ffb69dd4000 	C:\WINDOWS\system32\rsaenh.dll
0x00007ffb6b030000 - 0x00007ffb6b057000 	C:\WINDOWS\System32\bcrypt.dll
0x00007ffb6ac80000 - 0x00007ffb6acae000 	C:\WINDOWS\SYSTEM32\USERENV.dll
0x00007ffb6a660000 - 0x00007ffb6a66c000 	C:\WINDOWS\SYSTEM32\CRYPTBASE.dll
0x00007ffb6a190000 - 0x00007ffb6a1cb000 	C:\WINDOWS\SYSTEM32\IPHLPAPI.DLL
0x00007ffb6d350000 - 0x00007ffb6d358000 	C:\WINDOWS\System32\NSI.dll
0x00007ffb64510000 - 0x00007ffb64527000 	C:\WINDOWS\SYSTEM32\dhcpcsvc6.DLL
0x00007ffb64450000 - 0x00007ffb6446d000 	C:\WINDOWS\SYSTEM32\dhcpcsvc.DLL
0x00007ffb6a1d0000 - 0x00007ffb6a29b000 	C:\WINDOWS\SYSTEM32\DNSAPI.dll
0x00007ffb64570000 - 0x00007ffb6457b000 	C:\WINDOWS\SYSTEM32\WINNSI.DLL

dbghelp: loaded successfully - version: 4.0.5 - missing functions: none
symbol engine: initialized successfully - sym options: 0x614 - pdb path: .;C:\Program Files\Android\Android Studio\jre\bin;C:\WINDOWS\SYSTEM32;C:\Program Files\Avast Software\Avast;C:\WINDOWS\WinSxS\amd64_microsoft.windows.common-controls_6595b64144ccf1df_6.0.19041.1110_none_60b5254171f9507e;C:\Program Files\Android\Android Studio\jre\bin\server;C:\Users\UDAH PAUL\.gradle\native\fdc75f09e3144964f2cf3f50f0aa648679c211496f362492102eb8c894070792\windows-amd64;C:\Users\UDAH PAUL\.gradle\native\12488b8bf47d2d4c9fbf2f6322a914ad602e24e48041cd04a747c6da556b65c4\windows-amd64

VM Arguments:
jvm_args: -Dorg.gradle.appname=gradlew 
java_command: org.gradle.wrapper.GradleWrapperMain -q -Ptarget-platform=android-arm64 -Ptarget=C:\App_project\faith\lib\main.dart -Pbase-application-name=android.app.Application -Pdart-defines=RkxVVFRFUl9XRUJfQVVUT19ERVRFQ1Q9dHJ1ZQ== -Pdart-obfuscation=false -Pextra-front-end-options=--no-sound-null-safety -Ptrack-widget-creation=true -Ptree-shake-icons=false -Pfilesystem-scheme=org-dartlang-root assembleDebug
java_class_path (initial): C:\App_project\faith\android\\gradle\wrapper\gradle-wrapper.jar
Launcher Type: SUN_STANDARD

[Global flags]
     intx CICompilerCount                          = 3                                         {product} {ergonomic}
     uint ConcGCThreads                            = 1                                         {product} {ergonomic}
     uint G1ConcRefinementThreads                  = 4                                         {product} {ergonomic}
   size_t G1HeapRegionSize                         = 1048576                                   {product} {ergonomic}
    uintx GCDrainStackTargetSize                   = 64                                        {product} {ergonomic}
   size_t InitialHeapSize                          = 134217728                                 {product} {ergonomic}
   size_t MarkStackSize                            = 4194304                                   {product} {ergonomic}
   size_t MaxHeapSize                              = 2126512128                                {product} {ergonomic}
   size_t MaxNewSize                               = 1275068416                                {product} {ergonomic}
   size_t MinHeapDeltaBytes                        = 1048576                                   {product} {ergonomic}
    uintx NonNMethodCodeHeapSize                   = 5830732                                {pd product} {ergonomic}
    uintx NonProfiledCodeHeapSize                  = 122913754                              {pd product} {ergonomic}
    uintx ProfiledCodeHeapSize                     = 122913754                              {pd product} {ergonomic}
    uintx ReservedCodeCacheSize                    = 251658240                              {pd product} {ergonomic}
     bool SegmentedCodeCache                       = true                                      {product} {ergonomic}
     bool UseCompressedClassPointers               = true                                 {lp64_product} {ergonomic}
     bool UseCompressedOops                        = true                                 {lp64_product} {ergonomic}
     bool UseG1GC                                  = true                                      {product} {ergonomic}
     bool UseLargePagesIndividualAllocation        = false                                  {pd product} {ergonomic}

Logging:
Log output configuration:
 #0: stdout all=warning uptime,level,tags
 #1: stderr all=off uptime,level,tags

Environment Variables:
JAVA_HOME=C:\Program Files\Android\Android Studio\jre
CLASSPATH=C:\App_project\faith\android\\gradle\wrapper\gradle-wrapper.jar
PATH=C:\src\flutter\bin;C:\Windows\System32;C:\Windows\System32\WindowsPowerShell\v1.0\;C:\Program Files\Git\cmd;C:\Users\UDAH PAUL\AppData\Local\Microsoft\WindowsApps;C:\Users\UDAH PAUL\AppData\Local\Programs\Microsoft VS Code\bin;C:\Program Files (x86)\Nmap;C:\src\flutter\bin;C:\Program Files\Java\jdk-14.0.1\bin;;C:\src\flutter\bin\mingit\cmd
USERNAME=UDAH PAUL
LANG=en_US.UTF-8
OS=Windows_NT
PROCESSOR_IDENTIFIER=Intel64 Family 6 Model 60 Stepping 3, GenuineIntel



---------------  S Y S T E M  ---------------

OS: Windows 10 , 64 bit Build 19041 (10.0.19041.1348)
OS uptime: 2 days 5:11 hours
Hyper-V role detected

CPU:total 4 (initial active 4) (2 cores per cpu, 2 threads per core) family 6 model 60 stepping 3 microcode 0x27, cmov, cx8, fxsr, mmx, sse, sse2, sse3, ssse3, sse4.1, sse4.2, popcnt, avx, avx2, aes, clmul, erms, lzcnt, ht, tsc, tscinvbit, bmi1, bmi2, fma

Memory: 4k page, system-wide physical 8105M (1162M free)
TotalPageFile size 12201M (AvailPageFile size 6M)
current process WorkingSet (physical memory assigned to process): 86M, peak: 86M
current process commit charge ("private bytes"): 220M, peak: 221M

vm_info: OpenJDK 64-Bit Server VM (11.0.10+0-b96-7249189) for windows-amd64 JRE (11.0.10+0-b96-7249189), built on Mar 31 2021 21:44:00 by "builder" with MS VC++ 14.0 (VS2015)

END.
